Using pre-set license
Built from '2022.3/china_unity/release' branch; Version is '2022.3.17f1c1 (a01dafa986ec) revision 10493359'; Using compiler version '192829333'; Build Type 'Release'
OS: 'Windows 11  (10.0.22631) 64bit CoreCountrySpecific' Language: 'zh' Physical Memory: 16087 MB
BatchMode: 1, IsHumanControllingUs: 0, StartBugReporterOnCrash: 0, Is64bit: 1, IsPro: 1

COMMAND LINE ARGUMENTS:
C:\Program Files\Unity\Hub\Editor\2022.3.17f1c1\Editor\Unity.exe
-adb2
-batchMode
-noUpm
-name
AssetImportWorker1
-projectPath
D:/unityProject/JumpKnight
-logFile
Logs/AssetImportWorker1.log
-srvPort
65285
Successfully changed project path to: D:/unityProject/JumpKnight
D:/unityProject/JumpKnight
[UnityMemory] Configuration Parameters - Can be set up in boot.config
    "memorysetup-bucket-allocator-granularity=16"
    "memorysetup-bucket-allocator-bucket-count=8"
    "memorysetup-bucket-allocator-block-size=33554432"
    "memorysetup-bucket-allocator-block-count=8"
    "memorysetup-main-allocator-block-size=16777216"
    "memorysetup-thread-allocator-block-size=16777216"
    "memorysetup-gfx-main-allocator-block-size=16777216"
    "memorysetup-gfx-thread-allocator-block-size=16777216"
    "memorysetup-cache-allocator-block-size=4194304"
    "memorysetup-typetree-allocator-block-size=2097152"
    "memorysetup-profiler-bucket-allocator-granularity=16"
    "memorysetup-profiler-bucket-allocator-bucket-count=8"
    "memorysetup-profiler-bucket-allocator-block-size=33554432"
    "memorysetup-profiler-bucket-allocator-block-count=8"
    "memorysetup-profiler-allocator-block-size=16777216"
    "memorysetup-profiler-editor-allocator-block-size=1048576"
    "memorysetup-temp-allocator-size-main=16777216"
    "memorysetup-job-temp-allocator-block-size=2097152"
    "memorysetup-job-temp-allocator-block-size-background=1048576"
    "memorysetup-job-temp-allocator-reduction-small-platforms=262144"
    "memorysetup-allocator-temp-initial-block-size-main=262144"
    "memorysetup-allocator-temp-initial-block-size-worker=262144"
    "memorysetup-temp-allocator-size-background-worker=32768"
    "memorysetup-temp-allocator-size-job-worker=262144"
    "memorysetup-temp-allocator-size-preload-manager=33554432"
    "memorysetup-temp-allocator-size-nav-mesh-worker=65536"
    "memorysetup-temp-allocator-size-audio-worker=65536"
    "memorysetup-temp-allocator-size-cloud-worker=32768"
    "memorysetup-temp-allocator-size-gi-baking-worker=262144"
    "memorysetup-temp-allocator-size-gfx=262144"
Player connection [38632] Host "[IP] 192.168.8.118 [Port] 0 [Flags] 2 [Guid] 2199402735 [EditorId] 2199402735 [Version] 1048832 [Id] WindowsEditor(7,MSI) [Debug] 1 [PackageName] WindowsEditor [ProjectName] Editor" joined multi-casting on [225.0.0.222:54997]...

Player connection [38632] Host "[IP] 192.168.8.118 [Port] 0 [Flags] 2 [Guid] 2199402735 [EditorId] 2199402735 [Version] 1048832 [Id] WindowsEditor(7,MSI) [Debug] 1 [PackageName] WindowsEditor [ProjectName] Editor" joined alternative multi-casting on [225.0.0.222:34997]...

[Physics::Module] Initialized MultithreadedJobDispatcher with 19 workers.
Refreshing native plugins compatible for Editor in 19.95 ms, found 4 plugins.
Preloading 0 native plugins for Editor in 0.00 ms.
Initialize engine version: 2022.3.17f1c1 (a01dafa986ec)
[Subsystems] Discovering subsystems at path C:/Program Files/Unity/Hub/Editor/2022.3.17f1c1/Editor/Data/Resources/UnitySubsystems
[Subsystems] Discovering subsystems at path D:/unityProject/JumpKnight/Assets
GfxDevice: creating device client; threaded=0; jobified=0
Direct3D:
    Version:  Direct3D 11.0 [level 11.1]
    Renderer: NVIDIA GeForce RTX 3070 Ti Laptop GPU (ID=0x24a0)
    Vendor:   NVIDIA
    VRAM:     8032 MB
    Driver:   31.0.15.3742
Initialize mono
Mono path[0] = 'C:/Program Files/Unity/Hub/Editor/2022.3.17f1c1/Editor/Data/Managed'
Mono path[1] = 'C:/Program Files/Unity/Hub/Editor/2022.3.17f1c1/Editor/Data/MonoBleedingEdge/lib/mono/unityjit-win32'
Mono config path = 'C:/Program Files/Unity/Hub/Editor/2022.3.17f1c1/Editor/Data/MonoBleedingEdge/etc'
Using monoOptions --debugger-agent=transport=dt_socket,embedding=1,server=y,suspend=n,address=127.0.0.1:56616
Begin MonoManager ReloadAssembly
Registering precompiled unity dll's ...
Register platform support module: C:/Program Files/Unity/Hub/Editor/2022.3.17f1c1/Editor/Data/PlaybackEngines/WebGLSupport/UnityEditor.WebGL.Extensions.dll
Register platform support module: C:/Program Files/Unity/Hub/Editor/2022.3.17f1c1/Editor/Data/PlaybackEngines/WindowsStandaloneSupport/UnityEditor.WindowsStandalone.Extensions.dll
Registered in 0.010274 seconds.
- Loaded All Assemblies, in  0.305 seconds
Native extension for WindowsStandalone target not found
Native extension for WebGL target not found
Mono: successfully reloaded assembly
- Finished resetting the current domain, in  0.210 seconds
Domain Reload Profiling: 512ms
	BeginReloadAssembly (93ms)
		ExecutionOrderSort (0ms)
		DisableScriptedObjects (0ms)
		BackupInstance (0ms)
		ReleaseScriptingObjects (0ms)
		CreateAndSetChildDomain (1ms)
	RebuildCommonClasses (24ms)
	RebuildNativeTypeToScriptingClass (8ms)
	initialDomainReloadingComplete (57ms)
	LoadAllAssembliesAndSetupDomain (119ms)
		LoadAssemblies (91ms)
		RebuildTransferFunctionScriptingTraits (0ms)
		AnalyzeDomain (116ms)
			TypeCache.Refresh (115ms)
				TypeCache.ScanAssembly (104ms)
			ScanForSourceGeneratedMonoScriptInfo (0ms)
			ResolveRequiredComponents (0ms)
	FinalizeReload (211ms)
		ReleaseScriptCaches (0ms)
		RebuildScriptCaches (0ms)
		SetupLoadedEditorAssemblies (166ms)
			LogAssemblyErrors (0ms)
			InitializePlatformSupportModulesInManaged (8ms)
			SetLoadedEditorAssemblies (4ms)
			RefreshPlugins (0ms)
			BeforeProcessingInitializeOnLoad (2ms)
			ProcessInitializeOnLoadAttributes (113ms)
			ProcessInitializeOnLoadMethodAttributes (39ms)
			AfterProcessingInitializeOnLoad (0ms)
			EditorAssembliesLoaded (0ms)
		ExecutionOrderSort2 (0ms)
		AwakeInstancesAfterBackupRestoration (0ms)
========================================================================
Worker process is ready to serve import requests
Begin MonoManager ReloadAssembly
- Loaded All Assemblies, in  0.608 seconds
Refreshing native plugins compatible for Editor in 5.54 ms, found 4 plugins.
Native extension for WindowsStandalone target not found
Native extension for WebGL target not found
Package Manager log level set to [2]
[Package Manager] Server::EnsureServerProcessIsRunning -- launch failed, reason: Unity was launched with the -noUpm command-line argument
[Package Manager] UpmClient::Send -- Unable to send message (not connected to UPM process).
[Package Manager] Cannot connect to Unity Package Manager local server
Mono: successfully reloaded assembly
- Finished resetting the current domain, in  0.640 seconds
Domain Reload Profiling: 1242ms
	BeginReloadAssembly (122ms)
		ExecutionOrderSort (0ms)
		DisableScriptedObjects (4ms)
		BackupInstance (0ms)
		ReleaseScriptingObjects (0ms)
		CreateAndSetChildDomain (18ms)
	RebuildCommonClasses (25ms)
	RebuildNativeTypeToScriptingClass (8ms)
	initialDomainReloadingComplete (40ms)
	LoadAllAssembliesAndSetupDomain (406ms)
		LoadAssemblies (343ms)
		RebuildTransferFunctionScriptingTraits (0ms)
		AnalyzeDomain (134ms)
			TypeCache.Refresh (111ms)
				TypeCache.ScanAssembly (99ms)
			ScanForSourceGeneratedMonoScriptInfo (19ms)
			ResolveRequiredComponents (3ms)
	FinalizeReload (641ms)
		ReleaseScriptCaches (0ms)
		RebuildScriptCaches (0ms)
		SetupLoadedEditorAssemblies (506ms)
			LogAssemblyErrors (0ms)
			InitializePlatformSupportModulesInManaged (7ms)
			SetLoadedEditorAssemblies (3ms)
			RefreshPlugins (0ms)
			BeforeProcessingInitializeOnLoad (61ms)
			ProcessInitializeOnLoadAttributes (394ms)
			ProcessInitializeOnLoadMethodAttributes (29ms)
			AfterProcessingInitializeOnLoad (10ms)
			EditorAssembliesLoaded (0ms)
		ExecutionOrderSort2 (0ms)
		AwakeInstancesAfterBackupRestoration (7ms)
Launched and connected shader compiler UnityShaderCompiler.exe after 0.06 seconds
Refreshing native plugins compatible for Editor in 4.24 ms, found 4 plugins.
Preloading 0 native plugins for Editor in 0.00 ms.
Unloading 4018 Unused Serialized files (Serialized files now loaded: 0)
Unloading 70 unused Assets / (244.3 KB). Loaded Objects now: 4473.
Memory consumption went from 145.6 MB to 145.3 MB.
Total: 6.087900 ms (FindLiveObjects: 0.213700 ms CreateObjectMapping: 0.151500 ms MarkObjects: 5.535700 ms  DeleteObjects: 0.185600 ms)

AssetImportParameters requested are different than current active one (requested -> active):
  custom:container-demuxer-ogg: 62fdf1f143b41e24485cea50d1cbac27 -> 
  custom:video-decoder-ogg-theora: a1e56fd34408186e4bbccfd4996cb3dc -> 
  custom:framework-win-MediaFoundation: 216162199b28c13a410421893ffa2e32 -> 
  custom:CustomObjectIndexerAttribute: 6d391050e5a25f67b0a2c618074f2cd9 -> 
  custom:container-demuxer-webm: 4f35f7cbe854078d1ac9338744f61a02 -> 
  custom:container-muxer-webm: aa71ff27fc2769a1b78a27578f13a17b -> 
  custom:video-decoder-webm-vp8: 9c59270c3fd7afecdb556c50c9e8de78 -> 
  custom:SearchIndexIgnoredProperties: e643bd26f0fe6173181afceb89e7c659 -> 
  custom:AudioImporter_EditorPlatform: d09bf68614088b80899f8185d706f6e7 -> 
  custom:video-encoder-webm-vp8: eb34c28f22e8b96e1ab97ce403110664 -> 
  custom:audio-decoder-ogg-vorbis: bf7c407c2cedff20999df2af8eb42d56 -> 
  custom:audio-encoder-webm-vorbis: bf7c407c2cedff20999df2af8eb42d56 -> 
========================================================================
Received Import Request.
  Time since last request: 266902.343598 seconds.
  path: Assets/Cave Platformer Tileset/Example stage layers/bg_02_mountains.png
  artifactKey: Guid(61589e586d5c4274d98884865fe7d469) Importer(815301076,1909f56bfc062723c751e8b465ee728b)
Start importing Assets/Cave Platformer Tileset/Example stage layers/bg_02_mountains.png using Guid(61589e586d5c4274d98884865fe7d469) Importer(815301076,1909f56bfc062723c751e8b465ee728b)  -> (artifact id: '5509a59b5c458e048079ca60035252f0') in 0.089873 seconds
Number of updated asset objects reloaded before import = 0
Number of asset objects unloaded after import = 3
========================================================================
Received Import Request.
  Time since last request: 0.000047 seconds.
  path: Assets/Cave Platformer Tileset/Example stage layers/bg_09_objects.png
  artifactKey: Guid(f3ce6fe827e8db04d987d6159319c3e7) Importer(815301076,1909f56bfc062723c751e8b465ee728b)
Start importing Assets/Cave Platformer Tileset/Example stage layers/bg_09_objects.png using Guid(f3ce6fe827e8db04d987d6159319c3e7) Importer(815301076,1909f56bfc062723c751e8b465ee728b)  -> (artifact id: 'c2d486b9e4d6d178cff83eb1c6ab2243') in 0.024965 seconds
Number of updated asset objects reloaded before import = 0
Number of asset objects unloaded after import = 3
========================================================================
Received Import Request.
  Time since last request: 0.000038 seconds.
  path: Assets/Cave Platformer Tileset/Example stage layers/bg_05_cave_b.png
  artifactKey: Guid(113142fd8da758f4585e672a1c9f5c05) Importer(815301076,1909f56bfc062723c751e8b465ee728b)
Start importing Assets/Cave Platformer Tileset/Example stage layers/bg_05_cave_b.png using Guid(113142fd8da758f4585e672a1c9f5c05) Importer(815301076,1909f56bfc062723c751e8b465ee728b)  -> (artifact id: '398b98173484040565b98b6179a1af04') in 0.027042 seconds
Number of updated asset objects reloaded before import = 0
Number of asset objects unloaded after import = 3
========================================================================
Received Import Request.
  Time since last request: 0.000028 seconds.
  path: Assets/Cave Platformer Tileset/Example stage layers/bg_04_dungeon_b.png
  artifactKey: Guid(57fcd4471a6867647aebc405d0801b09) Importer(815301076,1909f56bfc062723c751e8b465ee728b)
Start importing Assets/Cave Platformer Tileset/Example stage layers/bg_04_dungeon_b.png using Guid(57fcd4471a6867647aebc405d0801b09) Importer(815301076,1909f56bfc062723c751e8b465ee728b)  -> (artifact id: '3699d1aaebbc2aaac502db2535e38764') in 0.030723 seconds
Number of updated asset objects reloaded before import = 0
Number of asset objects unloaded after import = 3
========================================================================
Received Import Request.
  Time since last request: 0.000057 seconds.
  path: Assets/Cave Platformer Tileset/Example stage layers/bg_08_grey.png
  artifactKey: Guid(11d3250d7477304408f789808c45412f) Importer(815301076,1909f56bfc062723c751e8b465ee728b)
Start importing Assets/Cave Platformer Tileset/Example stage layers/bg_08_grey.png using Guid(11d3250d7477304408f789808c45412f) Importer(815301076,1909f56bfc062723c751e8b465ee728b)  -> (artifact id: '81ac00afe5dfa6489e1cd302eef885ae') in 0.031610 seconds
Number of updated asset objects reloaded before import = 0
Number of asset objects unloaded after import = 3
========================================================================
Received Import Request.
  Time since last request: 0.000025 seconds.
  path: Assets/Cave Platformer Tileset/Example stage layers/bg_06_caveinside_b.png
  artifactKey: Guid(ff14ad8364b957e4691543b4521c0802) Importer(815301076,1909f56bfc062723c751e8b465ee728b)
Start importing Assets/Cave Platformer Tileset/Example stage layers/bg_06_caveinside_b.png using Guid(ff14ad8364b957e4691543b4521c0802) Importer(815301076,1909f56bfc062723c751e8b465ee728b)  -> (artifact id: '3ce8d5f7b83071095ae29c373f2fb984') in 0.029261 seconds
Number of updated asset objects reloaded before import = 0
Number of asset objects unloaded after import = 3
========================================================================
Received Import Request.
  Time since last request: 0.000028 seconds.
  path: Assets/Cave Platformer Tileset/Example stage layers/bg_08_brown.png
  artifactKey: Guid(5c3a6c4cd5780b542ac2d27c58e0b0cb) Importer(815301076,1909f56bfc062723c751e8b465ee728b)
Start importing Assets/Cave Platformer Tileset/Example stage layers/bg_08_brown.png using Guid(5c3a6c4cd5780b542ac2d27c58e0b0cb) Importer(815301076,1909f56bfc062723c751e8b465ee728b)  -> (artifact id: 'd736a3a36647c5c57aa00651f92fb6e3') in 0.028458 seconds
Number of updated asset objects reloaded before import = 0
Number of asset objects unloaded after import = 3
========================================================================
Received Import Request.
  Time since last request: 11.249249 seconds.
  path: Assets/Cave Platformer Tileset/Enviroment sprite sheets/bg_cave_blueish_16x32.png
  artifactKey: Guid(f51c40299c6f2c4438629191492adad6) Importer(815301076,1909f56bfc062723c751e8b465ee728b)
Start importing Assets/Cave Platformer Tileset/Enviroment sprite sheets/bg_cave_blueish_16x32.png using Guid(f51c40299c6f2c4438629191492adad6) Importer(815301076,1909f56bfc062723c751e8b465ee728b)  -> (artifact id: '72150d960a29e359382b88d5009e1c95') in 0.116793 seconds
Number of updated asset objects reloaded before import = 0
Number of asset objects unloaded after import = 32
========================================================================
Received Import Request.
  Time since last request: 0.000053 seconds.
  path: Assets/Cave Platformer Tileset/Enviroment sprite sheets/trees-trunk-darkbrown.png
  artifactKey: Guid(97634e655df768142a2607b4827a0a0c) Importer(815301076,1909f56bfc062723c751e8b465ee728b)
Start importing Assets/Cave Platformer Tileset/Enviroment sprite sheets/trees-trunk-darkbrown.png using Guid(97634e655df768142a2607b4827a0a0c) Importer(815301076,1909f56bfc062723c751e8b465ee728b)  -> (artifact id: 'd1c3688beff3f30f3281ba08829cf452') in 0.203887 seconds
Number of updated asset objects reloaded before import = 0
Number of asset objects unloaded after import = 74
========================================================================
Received Import Request.
  Time since last request: 0.000029 seconds.
  path: Assets/Cave Platformer Tileset/Enviroment sprite sheets/trees-trunk-dark.png
  artifactKey: Guid(3a0e0e9389f595442bff65be2c3c7c67) Importer(815301076,1909f56bfc062723c751e8b465ee728b)
Start importing Assets/Cave Platformer Tileset/Enviroment sprite sheets/trees-trunk-dark.png using Guid(3a0e0e9389f595442bff65be2c3c7c67) Importer(815301076,1909f56bfc062723c751e8b465ee728b)  -> (artifact id: '4910afd075e5c8fa14c0c8806310901d') in 0.148500 seconds
Number of updated asset objects reloaded before import = 0
Number of asset objects unloaded after import = 74
========================================================================
Received Import Request.
  Time since last request: 0.000031 seconds.
  path: Assets/Cave Platformer Tileset/Enviroment sprite sheets/bg_cave_blueish_32x16.png
  artifactKey: Guid(072ed1ed67b51e24abfd669dbdc9ab7f) Importer(815301076,1909f56bfc062723c751e8b465ee728b)
Start importing Assets/Cave Platformer Tileset/Enviroment sprite sheets/bg_cave_blueish_32x16.png using Guid(072ed1ed67b51e24abfd669dbdc9ab7f) Importer(815301076,1909f56bfc062723c751e8b465ee728b)  -> (artifact id: '69860e78bfb04939427184bf6cf055bd') in 0.040561 seconds
Number of updated asset objects reloaded before import = 0
Number of asset objects unloaded after import = 18
========================================================================
Received Import Request.
  Time since last request: 0.000018 seconds.
  path: Assets/Cave Platformer Tileset/Enviroment sprite sheets/objects_fountain_animated.png
  artifactKey: Guid(ff5f7226ed4a9ad4c9253b92fad091c1) Importer(815301076,1909f56bfc062723c751e8b465ee728b)
Start importing Assets/Cave Platformer Tileset/Enviroment sprite sheets/objects_fountain_animated.png using Guid(ff5f7226ed4a9ad4c9253b92fad091c1) Importer(815301076,1909f56bfc062723c751e8b465ee728b)  -> (artifact id: 'a008a8ac94ca81cc58de54006ec0e861') in 0.034990 seconds
Number of updated asset objects reloaded before import = 0
Number of asset objects unloaded after import = 11
========================================================================
Received Import Request.
  Time since last request: 0.000022 seconds.
  path: Assets/Cave Platformer Tileset/Enviroment sprite sheets/objects_bigchest_animated.png
  artifactKey: Guid(19f60735a26b44949acfda90d4d794df) Importer(815301076,1909f56bfc062723c751e8b465ee728b)
Start importing Assets/Cave Platformer Tileset/Enviroment sprite sheets/objects_bigchest_animated.png using Guid(19f60735a26b44949acfda90d4d794df) Importer(815301076,1909f56bfc062723c751e8b465ee728b)  -> (artifact id: '373f15efc091b0c2c212a39be975213a') in 0.057949 seconds
Number of updated asset objects reloaded before import = 0
Number of asset objects unloaded after import = 30
========================================================================
Received Import Request.
  Time since last request: 0.000020 seconds.
  path: Assets/Cave Platformer Tileset/Enviroment sprite sheets/bg_cave_greenish_other.png
  artifactKey: Guid(6d45fe9eed71bde49be5d6f24c33288e) Importer(815301076,1909f56bfc062723c751e8b465ee728b)
Start importing Assets/Cave Platformer Tileset/Enviroment sprite sheets/bg_cave_greenish_other.png using Guid(6d45fe9eed71bde49be5d6f24c33288e) Importer(815301076,1909f56bfc062723c751e8b465ee728b)  -> (artifact id: '4f027837ef4790d658d9f43b08b9c58b') in 0.025753 seconds
Number of updated asset objects reloaded before import = 0
Number of asset objects unloaded after import = 5
========================================================================
Received Import Request.
  Time since last request: 0.000020 seconds.
  path: Assets/Cave Platformer Tileset/Enviroment sprite sheets/parallax_bg_set.png
  artifactKey: Guid(59b19808d0cb84645905e4922a232439) Importer(815301076,1909f56bfc062723c751e8b465ee728b)
Start importing Assets/Cave Platformer Tileset/Enviroment sprite sheets/parallax_bg_set.png using Guid(59b19808d0cb84645905e4922a232439) Importer(815301076,1909f56bfc062723c751e8b465ee728b)  -> (artifact id: 'ab4585e6fdbdf6d3a911d1b6584c4b04') in 0.036970 seconds
Number of updated asset objects reloaded before import = 0
Number of asset objects unloaded after import = 8
========================================================================
Received Import Request.
  Time since last request: 0.000022 seconds.
  path: Assets/Cave Platformer Tileset/Enviroment sprite sheets/bg_objects.png
  artifactKey: Guid(020a14f5296ce884aa7d029304ceff5f) Importer(815301076,1909f56bfc062723c751e8b465ee728b)
Start importing Assets/Cave Platformer Tileset/Enviroment sprite sheets/bg_objects.png using Guid(020a14f5296ce884aa7d029304ceff5f) Importer(815301076,1909f56bfc062723c751e8b465ee728b)  -> (artifact id: '1b039e547a361dca8f1a9a9d569398d7') in 0.064165 seconds
Number of updated asset objects reloaded before import = 0
Number of asset objects unloaded after import = 30
========================================================================
Received Import Request.
  Time since last request: 0.000030 seconds.
  path: Assets/Cave Platformer Tileset/Enviroment sprite sheets/cave_tileset.png
  artifactKey: Guid(894640e3f9d838a4499398609b715c7f) Importer(815301076,1909f56bfc062723c751e8b465ee728b)
Start importing Assets/Cave Platformer Tileset/Enviroment sprite sheets/cave_tileset.png using Guid(894640e3f9d838a4499398609b715c7f) Importer(815301076,1909f56bfc062723c751e8b465ee728b)  -> (artifact id: '91e65c0edfeeef23a3be6b91d11abcbb') in 0.219490 seconds
Number of updated asset objects reloaded before import = 0
Number of asset objects unloaded after import = 118
========================================================================
Received Import Request.
  Time since last request: 8.922941 seconds.
  path: Assets/Cave Platformer Tileset/Individual PNG files/Monster/scorpion-black/scorpion-black-3.png
  artifactKey: Guid(77836e99d42b8a84dbd354f59d89c8de) Importer(815301076,1909f56bfc062723c751e8b465ee728b)
Start importing Assets/Cave Platformer Tileset/Individual PNG files/Monster/scorpion-black/scorpion-black-3.png using Guid(77836e99d42b8a84dbd354f59d89c8de) Importer(815301076,1909f56bfc062723c751e8b465ee728b)  -> (artifact id: '1ccc4e3c8770bf04b540c0f27e3b065e') in 0.029587 seconds
Number of updated asset objects reloaded before import = 0
Number of asset objects unloaded after import = 3
========================================================================
Received Import Request.
  Time since last request: 0.000029 seconds.
  path: Assets/Cave Platformer Tileset/Individual PNG files/Monster/scorpion-black/scorpion-black-18.png
  artifactKey: Guid(7096ce1e4ee031a45ae7a0301aeb77bd) Importer(815301076,1909f56bfc062723c751e8b465ee728b)
Start importing Assets/Cave Platformer Tileset/Individual PNG files/Monster/scorpion-black/scorpion-black-18.png using Guid(7096ce1e4ee031a45ae7a0301aeb77bd) Importer(815301076,1909f56bfc062723c751e8b465ee728b)  -> (artifact id: '4e347ba659e60a3949b5ed11c6a6f0c4') in 0.025094 seconds
Number of updated asset objects reloaded before import = 0
Number of asset objects unloaded after import = 3
========================================================================
Received Import Request.
  Time since last request: 0.000039 seconds.
  path: Assets/Cave Platformer Tileset/Individual PNG files/Monster/scorpion-black/scorpion-black-13.png
  artifactKey: Guid(3b850e4b14000a345a91b4ec51521acd) Importer(815301076,1909f56bfc062723c751e8b465ee728b)
Start importing Assets/Cave Platformer Tileset/Individual PNG files/Monster/scorpion-black/scorpion-black-13.png using Guid(3b850e4b14000a345a91b4ec51521acd) Importer(815301076,1909f56bfc062723c751e8b465ee728b)  -> (artifact id: '6f777632135fee31d3d28fecbb7093f2') in 0.022834 seconds
Number of updated asset objects reloaded before import = 0
Number of asset objects unloaded after import = 3
========================================================================
Received Import Request.
  Time since last request: 0.000064 seconds.
  path: Assets/Cave Platformer Tileset/Individual PNG files/Monster/scorpion-black/scorpion-black-7.png
  artifactKey: Guid(e643e747821ccec4a9d563d4d95cb88d) Importer(815301076,1909f56bfc062723c751e8b465ee728b)
Start importing Assets/Cave Platformer Tileset/Individual PNG files/Monster/scorpion-black/scorpion-black-7.png using Guid(e643e747821ccec4a9d563d4d95cb88d) Importer(815301076,1909f56bfc062723c751e8b465ee728b)  -> (artifact id: '7fc20e76718dbaf785e3e29b4a409723') in 0.025834 seconds
Number of updated asset objects reloaded before import = 0
Number of asset objects unloaded after import = 3
========================================================================
Received Import Request.
  Time since last request: 0.000032 seconds.
  path: Assets/Cave Platformer Tileset/Individual PNG files/Monster/scorpion-black/scorpion-black-10.png
  artifactKey: Guid(ba7ba3b5fb9df0f4884f6a7dd96dfb6b) Importer(815301076,1909f56bfc062723c751e8b465ee728b)
Start importing Assets/Cave Platformer Tileset/Individual PNG files/Monster/scorpion-black/scorpion-black-10.png using Guid(ba7ba3b5fb9df0f4884f6a7dd96dfb6b) Importer(815301076,1909f56bfc062723c751e8b465ee728b)  -> (artifact id: '131f1fe6e6ef96979a862a315c921186') in 0.025734 seconds
Number of updated asset objects reloaded before import = 0
Number of asset objects unloaded after import = 3
========================================================================
Received Import Request.
  Time since last request: 0.000032 seconds.
  path: Assets/Cave Platformer Tileset/Individual PNG files/Monster/scorpion-black/scorpion-black-12.png
  artifactKey: Guid(1834d6ad65da7df40838afe87d0a0010) Importer(815301076,1909f56bfc062723c751e8b465ee728b)
Start importing Assets/Cave Platformer Tileset/Individual PNG files/Monster/scorpion-black/scorpion-black-12.png using Guid(1834d6ad65da7df40838afe87d0a0010) Importer(815301076,1909f56bfc062723c751e8b465ee728b)  -> (artifact id: 'c9d2bfeb16542e739911156c2229c2cb') in 0.026143 seconds
Number of updated asset objects reloaded before import = 0
Number of asset objects unloaded after import = 3
========================================================================
Received Import Request.
  Time since last request: 3.096328 seconds.
  path: Assets/Cave Platformer Tileset/Monster sprite sheets/scorpion-red-sheet-x1.png
  artifactKey: Guid(5eb7000a73c6b024aad4edd4a9d1bac8) Importer(815301076,1909f56bfc062723c751e8b465ee728b)
Start importing Assets/Cave Platformer Tileset/Monster sprite sheets/scorpion-red-sheet-x1.png using Guid(5eb7000a73c6b024aad4edd4a9d1bac8) Importer(815301076,1909f56bfc062723c751e8b465ee728b)  -> (artifact id: '1361d19427b3a7e05245ed57938f5035') in 0.179035 seconds
Number of updated asset objects reloaded before import = 0
Number of asset objects unloaded after import = 27
========================================================================
Received Import Request.
  Time since last request: 5.694954 seconds.
  path: Assets/Cave Platformer Tileset/Individual PNG files/Tileset/bg_cave_blueish_16x16/bg_cave_blueish_16x16_tile_04.png
  artifactKey: Guid(1de9c42ea6bf6d5488ecf57a35faff8c) Importer(815301076,1909f56bfc062723c751e8b465ee728b)
Start importing Assets/Cave Platformer Tileset/Individual PNG files/Tileset/bg_cave_blueish_16x16/bg_cave_blueish_16x16_tile_04.png using Guid(1de9c42ea6bf6d5488ecf57a35faff8c) Importer(815301076,1909f56bfc062723c751e8b465ee728b)  -> (artifact id: '38160a556a2ada913e1851a3e5097312') in 0.026643 seconds
Number of updated asset objects reloaded before import = 0
Number of asset objects unloaded after import = 3
========================================================================
Received Import Request.
  Time since last request: 0.000021 seconds.
  path: Assets/Cave Platformer Tileset/Individual PNG files/Tileset/bg_cave_blueish_16x16/bg_cave_blueish_16x16_tile_09.png
  artifactKey: Guid(cad0081cc02b91641ab3c3e510823044) Importer(815301076,1909f56bfc062723c751e8b465ee728b)
Start importing Assets/Cave Platformer Tileset/Individual PNG files/Tileset/bg_cave_blueish_16x16/bg_cave_blueish_16x16_tile_09.png using Guid(cad0081cc02b91641ab3c3e510823044) Importer(815301076,1909f56bfc062723c751e8b465ee728b)  -> (artifact id: '86bc557868064fc363a6d22e184ba09e') in 0.025872 seconds
Number of updated asset objects reloaded before import = 0
Number of asset objects unloaded after import = 3
========================================================================
Received Import Request.
  Time since last request: 0.000032 seconds.
  path: Assets/Cave Platformer Tileset/Individual PNG files/Tileset/bg_cave_blueish_16x16/bg_cave_blueish_16x16_tile_07.png
  artifactKey: Guid(71209f606b11c184389fd2a21a2d624e) Importer(815301076,1909f56bfc062723c751e8b465ee728b)
Start importing Assets/Cave Platformer Tileset/Individual PNG files/Tileset/bg_cave_blueish_16x16/bg_cave_blueish_16x16_tile_07.png using Guid(71209f606b11c184389fd2a21a2d624e) Importer(815301076,1909f56bfc062723c751e8b465ee728b)  -> (artifact id: '9d60e83acf46ac1dce9fd5b8cff1340f') in 0.028658 seconds
Number of updated asset objects reloaded before import = 0
Number of asset objects unloaded after import = 3
========================================================================
Received Import Request.
  Time since last request: 0.000025 seconds.
  path: Assets/Cave Platformer Tileset/Individual PNG files/Tileset/bg_cave_blueish_16x16/bg_cave_blueish_16x16_tile_18.png
  artifactKey: Guid(6f3c6b33b14924948bac3c71f0b7382b) Importer(815301076,1909f56bfc062723c751e8b465ee728b)
Start importing Assets/Cave Platformer Tileset/Individual PNG files/Tileset/bg_cave_blueish_16x16/bg_cave_blueish_16x16_tile_18.png using Guid(6f3c6b33b14924948bac3c71f0b7382b) Importer(815301076,1909f56bfc062723c751e8b465ee728b)  -> (artifact id: 'fe4ec413fdbc80cd32cf0e5b3d019330') in 0.029166 seconds
Number of updated asset objects reloaded before import = 0
Number of asset objects unloaded after import = 3
Editor requested this worker to shutdown with reason: Scaling down because of idle timeout
TcpMessagingSession - receive error: operation aborted. errorcode: 995, details: 由于线程退出或应用程序请求，已中止 I/O 操作。
AssetImportWorker is now disconnected from the server
Process exiting
Exiting without the bug reporter. Application will terminate with return code 0