Using pre-set license
Built from '2022.3/china_unity/release' branch; Version is '2022.3.17f1c1 (a01dafa986ec) revision 10493359'; Using compiler version '192829333'; Build Type 'Release'
OS: 'Windows 11  (10.0.22631) 64bit CoreCountrySpecific' Language: 'zh' Physical Memory: 16087 MB
BatchMode: 1, IsHumanControllingUs: 0, StartBugReporterOnCrash: 0, Is64bit: 1, IsPro: 1

COMMAND LINE ARGUMENTS:
C:\Program Files\Unity\Hub\Editor\2022.3.17f1c1\Editor\Unity.exe
-adb2
-batchMode
-noUpm
-name
AssetImportWorker16
-projectPath
D:/unityProject/JumpKnight
-logFile
Logs/AssetImportWorker16.log
-srvPort
65285
Successfully changed project path to: D:/unityProject/JumpKnight
D:/unityProject/JumpKnight
[UnityMemory] Configuration Parameters - Can be set up in boot.config
    "memorysetup-bucket-allocator-granularity=16"
    "memorysetup-bucket-allocator-bucket-count=8"
    "memorysetup-bucket-allocator-block-size=33554432"
    "memorysetup-bucket-allocator-block-count=8"
    "memorysetup-main-allocator-block-size=16777216"
    "memorysetup-thread-allocator-block-size=16777216"
    "memorysetup-gfx-main-allocator-block-size=16777216"
    "memorysetup-gfx-thread-allocator-block-size=16777216"
    "memorysetup-cache-allocator-block-size=4194304"
    "memorysetup-typetree-allocator-block-size=2097152"
    "memorysetup-profiler-bucket-allocator-granularity=16"
    "memorysetup-profiler-bucket-allocator-bucket-count=8"
    "memorysetup-profiler-bucket-allocator-block-size=33554432"
    "memorysetup-profiler-bucket-allocator-block-count=8"
    "memorysetup-profiler-allocator-block-size=16777216"
    "memorysetup-profiler-editor-allocator-block-size=1048576"
    "memorysetup-temp-allocator-size-main=16777216"
    "memorysetup-job-temp-allocator-block-size=2097152"
    "memorysetup-job-temp-allocator-block-size-background=1048576"
    "memorysetup-job-temp-allocator-reduction-small-platforms=262144"
    "memorysetup-allocator-temp-initial-block-size-main=262144"
    "memorysetup-allocator-temp-initial-block-size-worker=262144"
    "memorysetup-temp-allocator-size-background-worker=32768"
    "memorysetup-temp-allocator-size-job-worker=262144"
    "memorysetup-temp-allocator-size-preload-manager=33554432"
    "memorysetup-temp-allocator-size-nav-mesh-worker=65536"
    "memorysetup-temp-allocator-size-audio-worker=65536"
    "memorysetup-temp-allocator-size-cloud-worker=32768"
    "memorysetup-temp-allocator-size-gi-baking-worker=262144"
    "memorysetup-temp-allocator-size-gfx=262144"
Player connection [42552] Host "[IP] 192.168.8.118 [Port] 0 [Flags] 2 [Guid] 2894577301 [EditorId] 2894577301 [Version] 1048832 [Id] WindowsEditor(7,MSI) [Debug] 1 [PackageName] WindowsEditor [ProjectName] Editor" joined multi-casting on [225.0.0.222:54997]...

Player connection [42552] Host "[IP] 192.168.8.118 [Port] 0 [Flags] 2 [Guid] 2894577301 [EditorId] 2894577301 [Version] 1048832 [Id] WindowsEditor(7,MSI) [Debug] 1 [PackageName] WindowsEditor [ProjectName] Editor" joined alternative multi-casting on [225.0.0.222:34997]...

[Physics::Module] Initialized MultithreadedJobDispatcher with 19 workers.
Refreshing native plugins compatible for Editor in 31.32 ms, found 4 plugins.
Preloading 0 native plugins for Editor in 0.00 ms.
Initialize engine version: 2022.3.17f1c1 (a01dafa986ec)
[Subsystems] Discovering subsystems at path C:/Program Files/Unity/Hub/Editor/2022.3.17f1c1/Editor/Data/Resources/UnitySubsystems
[Subsystems] Discovering subsystems at path D:/unityProject/JumpKnight/Assets
GfxDevice: creating device client; threaded=0; jobified=0
Direct3D:
    Version:  Direct3D 11.0 [level 11.1]
    Renderer: NVIDIA GeForce RTX 3070 Ti Laptop GPU (ID=0x24a0)
    Vendor:   NVIDIA
    VRAM:     8032 MB
    Driver:   31.0.15.3742
Initialize mono
Mono path[0] = 'C:/Program Files/Unity/Hub/Editor/2022.3.17f1c1/Editor/Data/Managed'
Mono path[1] = 'C:/Program Files/Unity/Hub/Editor/2022.3.17f1c1/Editor/Data/MonoBleedingEdge/lib/mono/unityjit-win32'
Mono config path = 'C:/Program Files/Unity/Hub/Editor/2022.3.17f1c1/Editor/Data/MonoBleedingEdge/etc'
Using monoOptions --debugger-agent=transport=dt_socket,embedding=1,server=y,suspend=n,address=127.0.0.1:56500
Begin MonoManager ReloadAssembly
Registering precompiled unity dll's ...
Register platform support module: C:/Program Files/Unity/Hub/Editor/2022.3.17f1c1/Editor/Data/PlaybackEngines/WebGLSupport/UnityEditor.WebGL.Extensions.dll
Register platform support module: C:/Program Files/Unity/Hub/Editor/2022.3.17f1c1/Editor/Data/PlaybackEngines/WindowsStandaloneSupport/UnityEditor.WindowsStandalone.Extensions.dll
Registered in 0.031311 seconds.
- Loaded All Assemblies, in  1.186 seconds
Native extension for WindowsStandalone target not found
Native extension for WebGL target not found
Mono: successfully reloaded assembly
- Finished resetting the current domain, in  0.210 seconds
Domain Reload Profiling: 1392ms
	BeginReloadAssembly (139ms)
		ExecutionOrderSort (0ms)
		DisableScriptedObjects (0ms)
		BackupInstance (0ms)
		ReleaseScriptingObjects (0ms)
		CreateAndSetChildDomain (4ms)
	RebuildCommonClasses (352ms)
	RebuildNativeTypeToScriptingClass (8ms)
	initialDomainReloadingComplete (88ms)
	LoadAllAssembliesAndSetupDomain (596ms)
		LoadAssemblies (132ms)
		RebuildTransferFunctionScriptingTraits (0ms)
		AnalyzeDomain (594ms)
			TypeCache.Refresh (592ms)
				TypeCache.ScanAssembly (579ms)
			ScanForSourceGeneratedMonoScriptInfo (0ms)
			ResolveRequiredComponents (1ms)
	FinalizeReload (211ms)
		ReleaseScriptCaches (0ms)
		RebuildScriptCaches (0ms)
		SetupLoadedEditorAssemblies (166ms)
			LogAssemblyErrors (0ms)
			InitializePlatformSupportModulesInManaged (9ms)
			SetLoadedEditorAssemblies (4ms)
			RefreshPlugins (0ms)
			BeforeProcessingInitializeOnLoad (2ms)
			ProcessInitializeOnLoadAttributes (108ms)
			ProcessInitializeOnLoadMethodAttributes (43ms)
			AfterProcessingInitializeOnLoad (0ms)
			EditorAssembliesLoaded (0ms)
		ExecutionOrderSort2 (0ms)
		AwakeInstancesAfterBackupRestoration (0ms)
========================================================================
Worker process is ready to serve import requests
Begin MonoManager ReloadAssembly
- Loaded All Assemblies, in  0.815 seconds
Refreshing native plugins compatible for Editor in 7.44 ms, found 4 plugins.
Native extension for WindowsStandalone target not found
Native extension for WebGL target not found
Package Manager log level set to [2]
[Package Manager] Server::EnsureServerProcessIsRunning -- launch failed, reason: Unity was launched with the -noUpm command-line argument
[Package Manager] UpmClient::Send -- Unable to send message (not connected to UPM process).
[Package Manager] Cannot connect to Unity Package Manager local server
Mono: successfully reloaded assembly
- Finished resetting the current domain, in  0.729 seconds
Domain Reload Profiling: 1539ms
	BeginReloadAssembly (161ms)
		ExecutionOrderSort (0ms)
		DisableScriptedObjects (4ms)
		BackupInstance (0ms)
		ReleaseScriptingObjects (0ms)
		CreateAndSetChildDomain (17ms)
	RebuildCommonClasses (26ms)
	RebuildNativeTypeToScriptingClass (8ms)
	initialDomainReloadingComplete (42ms)
	LoadAllAssembliesAndSetupDomain (572ms)
		LoadAssemblies (435ms)
		RebuildTransferFunctionScriptingTraits (0ms)
		AnalyzeDomain (247ms)
			TypeCache.Refresh (219ms)
				TypeCache.ScanAssembly (135ms)
			ScanForSourceGeneratedMonoScriptInfo (21ms)
			ResolveRequiredComponents (5ms)
	FinalizeReload (730ms)
		ReleaseScriptCaches (0ms)
		RebuildScriptCaches (0ms)
		SetupLoadedEditorAssemblies (572ms)
			LogAssemblyErrors (0ms)
			InitializePlatformSupportModulesInManaged (8ms)
			SetLoadedEditorAssemblies (3ms)
			RefreshPlugins (0ms)
			BeforeProcessingInitializeOnLoad (70ms)
			ProcessInitializeOnLoadAttributes (455ms)
			ProcessInitializeOnLoadMethodAttributes (27ms)
			AfterProcessingInitializeOnLoad (9ms)
			EditorAssembliesLoaded (0ms)
		ExecutionOrderSort2 (0ms)
		AwakeInstancesAfterBackupRestoration (6ms)
Launched and connected shader compiler UnityShaderCompiler.exe after 0.11 seconds
Refreshing native plugins compatible for Editor in 6.87 ms, found 4 plugins.
Preloading 0 native plugins for Editor in 0.00 ms.
Unloading 4025 Unused Serialized files (Serialized files now loaded: 0)
Unloading 70 unused Assets / (244.4 KB). Loaded Objects now: 4482.
Memory consumption went from 146.0 MB to 145.8 MB.
Total: 4.360000 ms (FindLiveObjects: 0.339100 ms CreateObjectMapping: 0.140100 ms MarkObjects: 3.630100 ms  DeleteObjects: 0.249200 ms)

AssetImportParameters requested are different than current active one (requested -> active):
  custom:scripting/monoscript/fileName/RailUtils.cs: ddf9283d5d3d7357694f83913f0b2f53 -> 
  custom:container-demuxer-ogg: 62fdf1f143b41e24485cea50d1cbac27 -> 
  custom:video-decoder-ogg-theora: a1e56fd34408186e4bbccfd4996cb3dc -> 
  custom:scripting/monoscript/fileName/Ground.cs: 280fef7541238b592d97063dffe109df -> 
  custom:scripting/monoscript/fileName/scr.cs: afb6fc9afc6150ff2b8954dd31f9b8ac -> 
  custom:scripting/monoscript/fileName/Rail2DEditor.cs: 8977bdbf78d20942db9cebfb43f9f40b -> 
  custom:framework-win-MediaFoundation: 216162199b28c13a410421893ffa2e32 -> 
  custom:scripting/monoscript/fileName/MultiTargetTrigger2D.cs: f2d5b2ce00338cfcc277d3e52d4c372d -> 
  custom:scripting/monoscript/fileName/InputHandler.cs: 8301b2e4172e4d6abcdab57ee50918cd -> 
  custom:CustomObjectIndexerAttribute: 6d391050e5a25f67b0a2c618074f2cd9 -> 
  custom:container-demuxer-webm: 4f35f7cbe854078d1ac9338744f61a02 -> 
  custom:scripting/monoscript/fileName/Camera2D.cs: 92cb567d1372559643f464941c64842d -> 
  custom:scripting/monoscript/fileName/CameraFollow.cs: 3b5ef2867f9a94f63fc3d68bad4a0506 -> de990732cc429467f8f49571d0872163
  custom:container-muxer-webm: aa71ff27fc2769a1b78a27578f13a17b -> 
  custom:video-decoder-webm-vp8: 9c59270c3fd7afecdb556c50c9e8de78 -> 
  custom:scripting/monoscript/fileName/PlayerMovementBasic.cs: 23254da835854f6c56af46461dafbbd4 -> 
  custom:scripting/monoscript/fileName/Finished.cs: eadc590679ddcd9ac6381f704f26506c -> 6cdc3fffae9a2a61d8467b46153d6b5d
  custom:SearchIndexIgnoredProperties: e643bd26f0fe6173181afceb89e7c659 -> 
  custom:AudioImporter_EditorPlatform: d09bf68614088b80899f8185d706f6e7 -> 
  custom:scripting/monoscript/fileName/Camera2DTargetsEditorList.cs: afccbcccdcbbce61b5c93ea2539e2e8b -> 
  custom:scripting/monoscript/fileName/EditorList.cs: c48ec2d6b653265d1c5d9356155ed586 -> 
  custom:scripting/monoscript/fileName/Trigger2D.cs: b0ef0392243b0f115e7c35351e531ed3 -> 
  custom:video-encoder-webm-vp8: eb34c28f22e8b96e1ab97ce403110664 -> 
  custom:audio-decoder-ogg-vorbis: bf7c407c2cedff20999df2af8eb42d56 -> 
  custom:scripting/monoscript/fileName/RailAnchor2D.cs: d3d4e4e20b2e977148953766963204f6 -> 
  custom:scripting/monoscript/fileName/Rail2D.cs: 6c59adc1b62e9e7583b430a5b70b84ba -> 
  custom:scripting/monoscript/fileName/simpleFollow_cubeMovement.cs: 0f9de800efd98c8d9b6df52d0370919a -> 
  custom:scripting/monoscript/fileName/Goal.cs: c0c0c709259ef9639e6228fa40389019 -> 
  custom:scripting/monoscript/fileName/dg_simpleCamFollow.cs: ac5bb79032cdc008d98b57b5f2e0dc3e -> 
  custom:scripting/monoscript/fileName/Camera2DEditor.cs: 647492544e1483552811c4e1f1f32446 -> 
  custom:scripting/monoscript/fileName/Camera2DMenu.cs: 1ff5524f2ba0165f5fa6f1b7e1ecb153 -> 
  custom:scripting/monoscript/fileName/CameraTarget2D.cs: cae7e9f0f9764abba4a9ad826c18270e -> 
  custom:audio-encoder-webm-vorbis: bf7c407c2cedff20999df2af8eb42d56 -> 
  custom:scripting/monoscript/fileName/Player2D.cs: 15901883ee3883f313cae87a4ec9c339 -> 
  custom:scripting/monoscript/fileName/Target2D.cs: f1ea9012946f235f7f806ba154acbf64 -> 
  custom:scripting/monoscript/fileName/Parallax2D.cs: 1613c3d422c15df49fd361a302fb575a -> 
========================================================================
Received Import Request.
  Time since last request: 405014.362718 seconds.
  path: Assets/Cave Platformer Tileset/Individual PNG files/Tileset/trees-trunk-lightbrown/trees-trunk-lightbrown-11.png
  artifactKey: Guid(ae3c6d754691e6c429565d516388cb24) Importer(815301076,1909f56bfc062723c751e8b465ee728b)
Start importing Assets/Cave Platformer Tileset/Individual PNG files/Tileset/trees-trunk-lightbrown/trees-trunk-lightbrown-11.png using Guid(ae3c6d754691e6c429565d516388cb24) Importer(815301076,1909f56bfc062723c751e8b465ee728b)  -> (artifact id: '61911e05cce9e1605612f96775c21645') in 0.090227 seconds
Number of updated asset objects reloaded before import = 0
Number of asset objects unloaded after import = 3
========================================================================
Received Import Request.
  Time since last request: 0.000032 seconds.
  path: Assets/Cave Platformer Tileset/Individual PNG files/Tileset/trees-trunk-lightbrown/trees-trunk-lightbrown-27.png
  artifactKey: Guid(559de8aab22c8814da1156086506130f) Importer(815301076,1909f56bfc062723c751e8b465ee728b)
Start importing Assets/Cave Platformer Tileset/Individual PNG files/Tileset/trees-trunk-lightbrown/trees-trunk-lightbrown-27.png using Guid(559de8aab22c8814da1156086506130f) Importer(815301076,1909f56bfc062723c751e8b465ee728b)  -> (artifact id: '562b17b15833c1ccf9556e54103cf0c4') in 0.026746 seconds
Number of updated asset objects reloaded before import = 0
Number of asset objects unloaded after import = 3
========================================================================
Received Import Request.
  Time since last request: 0.000029 seconds.
  path: Assets/Cave Platformer Tileset/Individual PNG files/Tileset/trees-trunk-lightbrown/trees-trunk-lightbrown-33.png
  artifactKey: Guid(361b1fdcc8d0bca409a2dac901a1789c) Importer(815301076,1909f56bfc062723c751e8b465ee728b)
Start importing Assets/Cave Platformer Tileset/Individual PNG files/Tileset/trees-trunk-lightbrown/trees-trunk-lightbrown-33.png using Guid(361b1fdcc8d0bca409a2dac901a1789c) Importer(815301076,1909f56bfc062723c751e8b465ee728b)  -> (artifact id: 'b295df274be782d1681f92034551bcaf') in 0.026942 seconds
Number of updated asset objects reloaded before import = 0
Number of asset objects unloaded after import = 3
========================================================================
Received Import Request.
  Time since last request: 0.000024 seconds.
  path: Assets/Cave Platformer Tileset/Individual PNG files/Tileset/trees-trunk-lightbrown/trees-trunk-lightbrown-21.png
  artifactKey: Guid(ba9887fa32437b14699f0c285d76b58d) Importer(815301076,1909f56bfc062723c751e8b465ee728b)
Start importing Assets/Cave Platformer Tileset/Individual PNG files/Tileset/trees-trunk-lightbrown/trees-trunk-lightbrown-21.png using Guid(ba9887fa32437b14699f0c285d76b58d) Importer(815301076,1909f56bfc062723c751e8b465ee728b)  -> (artifact id: 'e1ce135cefda97d188167d819e0d7a2a') in 0.032419 seconds
Number of updated asset objects reloaded before import = 0
Number of asset objects unloaded after import = 3
========================================================================
Received Import Request.
  Time since last request: 1.499589 seconds.
  path: Assets/Cave Platformer Tileset/Individual PNG files/Tileset/trees-trunk-lightbrown/trees-trunk-lightbrown-40.png
  artifactKey: Guid(14ea6ca073a9cf04fa70ad05597b2f00) Importer(815301076,1909f56bfc062723c751e8b465ee728b)
Start importing Assets/Cave Platformer Tileset/Individual PNG files/Tileset/trees-trunk-lightbrown/trees-trunk-lightbrown-40.png using Guid(14ea6ca073a9cf04fa70ad05597b2f00) Importer(815301076,1909f56bfc062723c751e8b465ee728b)  -> (artifact id: '3e584379e82999bc43bf51f86ba47312') in 0.030198 seconds
Number of updated asset objects reloaded before import = 0
Number of asset objects unloaded after import = 3
========================================================================
Received Import Request.
  Time since last request: 0.014191 seconds.
  path: Assets/Cave Platformer Tileset/Individual PNG files/Tileset/trees-trunk-lightbrown/trees-trunk-lightbrown-47.png
  artifactKey: Guid(e9a0023fbe1303344922f8bb2840cff9) Importer(815301076,1909f56bfc062723c751e8b465ee728b)
Start importing Assets/Cave Platformer Tileset/Individual PNG files/Tileset/trees-trunk-lightbrown/trees-trunk-lightbrown-47.png using Guid(e9a0023fbe1303344922f8bb2840cff9) Importer(815301076,1909f56bfc062723c751e8b465ee728b)  -> (artifact id: 'de530300dc6ffeab4c21c6fdf8ac97a6') in 0.023519 seconds
Number of updated asset objects reloaded before import = 0
Number of asset objects unloaded after import = 3
========================================================================
Received Import Request.
  Time since last request: 0.027759 seconds.
  path: Assets/Cave Platformer Tileset/Individual PNG files/Tileset/trees-trunk-lightbrown/trees-trunk-lightbrown-54.png
  artifactKey: Guid(b4acff0a900057045b657ab34ff74312) Importer(815301076,1909f56bfc062723c751e8b465ee728b)
Start importing Assets/Cave Platformer Tileset/Individual PNG files/Tileset/trees-trunk-lightbrown/trees-trunk-lightbrown-54.png using Guid(b4acff0a900057045b657ab34ff74312) Importer(815301076,1909f56bfc062723c751e8b465ee728b)  -> (artifact id: '0cbde98d3f2900c641c069a5e830fd8d') in 0.023150 seconds
Number of updated asset objects reloaded before import = 0
Number of asset objects unloaded after import = 3
========================================================================
Received Import Request.
  Time since last request: 0.352100 seconds.
  path: Assets/Cave Platformer Tileset/Individual PNG files/Tileset/trees-trunk-lightbrown/trees-trunk-lightbrown-61.png
  artifactKey: Guid(f044c3a0797fc254c9f7194c88e27bb2) Importer(815301076,1909f56bfc062723c751e8b465ee728b)
Start importing Assets/Cave Platformer Tileset/Individual PNG files/Tileset/trees-trunk-lightbrown/trees-trunk-lightbrown-61.png using Guid(f044c3a0797fc254c9f7194c88e27bb2) Importer(815301076,1909f56bfc062723c751e8b465ee728b)  -> (artifact id: 'a2cb02c9d35b6bbeb85493910a51a4b7') in 0.026440 seconds
Number of updated asset objects reloaded before import = 0
Number of asset objects unloaded after import = 3
========================================================================
Received Import Request.
  Time since last request: 0.023059 seconds.
  path: Assets/Cave Platformer Tileset/Individual PNG files/Tileset/trees-trunk-lightbrown/trees-trunk-lightbrown-68.png
  artifactKey: Guid(90c08437e1ab65d449c515aa73a285a6) Importer(815301076,1909f56bfc062723c751e8b465ee728b)
Start importing Assets/Cave Platformer Tileset/Individual PNG files/Tileset/trees-trunk-lightbrown/trees-trunk-lightbrown-68.png using Guid(90c08437e1ab65d449c515aa73a285a6) Importer(815301076,1909f56bfc062723c751e8b465ee728b)  -> (artifact id: '3755f30ea62f7373d7060122e5f09414') in 0.025558 seconds
Number of updated asset objects reloaded before import = 0
Number of asset objects unloaded after import = 3
========================================================================
Received Import Request.
  Time since last request: 10.180750 seconds.
  path: Assets/Cave Platformer Tileset/Individual PNG files/Tileset/parallax_bg_cave_blueish/parallax_bg_cave_blueish_tiles_05.png
  artifactKey: Guid(c1eafd06644296d469af5e989b82fc38) Importer(815301076,1909f56bfc062723c751e8b465ee728b)
Start importing Assets/Cave Platformer Tileset/Individual PNG files/Tileset/parallax_bg_cave_blueish/parallax_bg_cave_blueish_tiles_05.png using Guid(c1eafd06644296d469af5e989b82fc38) Importer(815301076,1909f56bfc062723c751e8b465ee728b)  -> (artifact id: 'f8c2b46bb6bbb7f431da69b616374653') in 0.034173 seconds
Number of updated asset objects reloaded before import = 0
Number of asset objects unloaded after import = 3
========================================================================
Received Import Request.
  Time since last request: 2.022713 seconds.
  path: Assets/Cave Platformer Tileset/Individual PNG files/Tileset/bg_cave_greenish_32x32/bg_cave_greenish_32x32_tile_05.png
  artifactKey: Guid(43eae97e3fb96d44da3bf5fc8deb3250) Importer(815301076,1909f56bfc062723c751e8b465ee728b)
Start importing Assets/Cave Platformer Tileset/Individual PNG files/Tileset/bg_cave_greenish_32x32/bg_cave_greenish_32x32_tile_05.png using Guid(43eae97e3fb96d44da3bf5fc8deb3250) Importer(815301076,1909f56bfc062723c751e8b465ee728b)  -> (artifact id: 'c01c35e6413030bfb0fb3d9acd3098e2') in 0.026276 seconds
Number of updated asset objects reloaded before import = 0
Number of asset objects unloaded after import = 3
========================================================================
Received Import Request.
  Time since last request: 2.874329 seconds.
  path: Assets/Cave Platformer Tileset/Individual PNG files/Tileset/objects_misc_animated/object_misc_animated_12.png
  artifactKey: Guid(b194a3b7b7ccdae47ba7fdffd8afc732) Importer(815301076,1909f56bfc062723c751e8b465ee728b)
Start importing Assets/Cave Platformer Tileset/Individual PNG files/Tileset/objects_misc_animated/object_misc_animated_12.png using Guid(b194a3b7b7ccdae47ba7fdffd8afc732) Importer(815301076,1909f56bfc062723c751e8b465ee728b)  -> (artifact id: '4904727f008f20cbdec4a8f56de2609a') in 0.025352 seconds
Number of updated asset objects reloaded before import = 0
Number of asset objects unloaded after import = 3
========================================================================
Received Import Request.
  Time since last request: 0.002794 seconds.
  path: Assets/Cave Platformer Tileset/Individual PNG files/Tileset/objects_misc_animated/object_misc_animated_18.png
  artifactKey: Guid(a0d9d8e0bb50f6e419d075efdc50c9d3) Importer(815301076,1909f56bfc062723c751e8b465ee728b)
Start importing Assets/Cave Platformer Tileset/Individual PNG files/Tileset/objects_misc_animated/object_misc_animated_18.png using Guid(a0d9d8e0bb50f6e419d075efdc50c9d3) Importer(815301076,1909f56bfc062723c751e8b465ee728b)  -> (artifact id: '5a6f37f20a5fbb049211b3295d946125') in 0.023082 seconds
Number of updated asset objects reloaded before import = 0
Number of asset objects unloaded after import = 3
========================================================================
Received Import Request.
  Time since last request: 0.000203 seconds.
  path: Assets/Cave Platformer Tileset/Individual PNG files/Tileset/objects_misc_animated/object_misc_animated_23.png
  artifactKey: Guid(857b1a1694c85dc45ae6aad3f95892b6) Importer(815301076,1909f56bfc062723c751e8b465ee728b)
Start importing Assets/Cave Platformer Tileset/Individual PNG files/Tileset/objects_misc_animated/object_misc_animated_23.png using Guid(857b1a1694c85dc45ae6aad3f95892b6) Importer(815301076,1909f56bfc062723c751e8b465ee728b)  -> (artifact id: 'dcdacd2279b6514a27f93883a2761d0e') in 0.021822 seconds
Number of updated asset objects reloaded before import = 0
Number of asset objects unloaded after import = 3
========================================================================
Received Import Request.
  Time since last request: 0.000678 seconds.
  path: Assets/Cave Platformer Tileset/Individual PNG files/Tileset/objects_misc_animated/object_misc_animated_28.png
  artifactKey: Guid(24dbf4440e620544694a97730a11d7ef) Importer(815301076,1909f56bfc062723c751e8b465ee728b)
Start importing Assets/Cave Platformer Tileset/Individual PNG files/Tileset/objects_misc_animated/object_misc_animated_28.png using Guid(24dbf4440e620544694a97730a11d7ef) Importer(815301076,1909f56bfc062723c751e8b465ee728b)  -> (artifact id: '1d6fccfcc416093e1176791755649a2c') in 0.024631 seconds
Number of updated asset objects reloaded before import = 0
Number of asset objects unloaded after import = 3
========================================================================
Received Import Request.
  Time since last request: 0.000019 seconds.
  path: Assets/Cave Platformer Tileset/Individual PNG files/Tileset/objects_misc_animated/object_misc_animated_33.png
  artifactKey: Guid(8f32732572e1fbe49898ffb9808e2939) Importer(815301076,1909f56bfc062723c751e8b465ee728b)
Start importing Assets/Cave Platformer Tileset/Individual PNG files/Tileset/objects_misc_animated/object_misc_animated_33.png using Guid(8f32732572e1fbe49898ffb9808e2939) Importer(815301076,1909f56bfc062723c751e8b465ee728b)  -> (artifact id: '545c65fc11cd17626217133a3d8422db') in 0.027132 seconds
Number of updated asset objects reloaded before import = 0
Number of asset objects unloaded after import = 3
========================================================================
Received Import Request.
  Time since last request: 0.759136 seconds.
  path: Assets/Cave Platformer Tileset/Individual PNG files/Tileset/objects_misc_animated/object_misc_animated_41.png
  artifactKey: Guid(8b9d86c6a20f5c94499e5993c1754a2b) Importer(815301076,1909f56bfc062723c751e8b465ee728b)
Start importing Assets/Cave Platformer Tileset/Individual PNG files/Tileset/objects_misc_animated/object_misc_animated_41.png using Guid(8b9d86c6a20f5c94499e5993c1754a2b) Importer(815301076,1909f56bfc062723c751e8b465ee728b)  -> (artifact id: '491179373e9b01ed49f48ac984463309') in 0.025812 seconds
Number of updated asset objects reloaded before import = 0
Number of asset objects unloaded after import = 3
========================================================================
Received Import Request.
  Time since last request: 0.018967 seconds.
  path: Assets/Cave Platformer Tileset/Individual PNG files/Tileset/objects_misc_animated/object_misc_animated_48.png
  artifactKey: Guid(a34901580daa82a49a35847225a6378e) Importer(815301076,1909f56bfc062723c751e8b465ee728b)
Start importing Assets/Cave Platformer Tileset/Individual PNG files/Tileset/objects_misc_animated/object_misc_animated_48.png using Guid(a34901580daa82a49a35847225a6378e) Importer(815301076,1909f56bfc062723c751e8b465ee728b)  -> (artifact id: '0ad77a397c03530a0b39489db61f0bf0') in 0.023997 seconds
Number of updated asset objects reloaded before import = 0
Number of asset objects unloaded after import = 3
========================================================================
Received Import Request.
  Time since last request: 2.578566 seconds.
  path: Assets/Cave Platformer Tileset/Individual PNG files/Tileset/objects_fountain_animated/objects_fountain_animated_4.png
  artifactKey: Guid(2a325ed6a38d3e84a91f39d0f40f51f9) Importer(815301076,1909f56bfc062723c751e8b465ee728b)
Start importing Assets/Cave Platformer Tileset/Individual PNG files/Tileset/objects_fountain_animated/objects_fountain_animated_4.png using Guid(2a325ed6a38d3e84a91f39d0f40f51f9) Importer(815301076,1909f56bfc062723c751e8b465ee728b)  -> (artifact id: '6bfbce2680d6f0694bd34fde0ba52911') in 0.024170 seconds
Number of updated asset objects reloaded before import = 0
Number of asset objects unloaded after import = 3
========================================================================
Received Import Request.
  Time since last request: 12.766589 seconds.
  path: Assets/Cave Platformer Tileset/Individual PNG files/Tileset/objects_bigchest_animated/objects_bigchest_animated_4.png
  artifactKey: Guid(978f8b5988322794eb4946aa779b1485) Importer(815301076,1909f56bfc062723c751e8b465ee728b)
Start importing Assets/Cave Platformer Tileset/Individual PNG files/Tileset/objects_bigchest_animated/objects_bigchest_animated_4.png using Guid(978f8b5988322794eb4946aa779b1485) Importer(815301076,1909f56bfc062723c751e8b465ee728b)  -> (artifact id: '039675fec32d3a1d6c7da4928f6bf040') in 0.024754 seconds
Number of updated asset objects reloaded before import = 0
Number of asset objects unloaded after import = 3
========================================================================
Received Import Request.
  Time since last request: 0.000017 seconds.
  path: Assets/Cave Platformer Tileset/Individual PNG files/Tileset/objects_bigchest_animated/objects_bigchest_animated_9.png
  artifactKey: Guid(f081054d74fcd374e92d9e833334c354) Importer(815301076,1909f56bfc062723c751e8b465ee728b)
Start importing Assets/Cave Platformer Tileset/Individual PNG files/Tileset/objects_bigchest_animated/objects_bigchest_animated_9.png using Guid(f081054d74fcd374e92d9e833334c354) Importer(815301076,1909f56bfc062723c751e8b465ee728b)  -> (artifact id: 'b2bd003cdf1f7e41b7b4c6e6a7932a1b') in 0.023026 seconds
Number of updated asset objects reloaded before import = 0
Number of asset objects unloaded after import = 3
========================================================================
Received Import Request.
  Time since last request: 0.000019 seconds.
  path: Assets/Cave Platformer Tileset/Individual PNG files/Tileset/objects_bigchest_animated/objects_bigchest_animated_12.png
  artifactKey: Guid(14876620d10336545bb4e0f80dbf91f4) Importer(815301076,1909f56bfc062723c751e8b465ee728b)
Start importing Assets/Cave Platformer Tileset/Individual PNG files/Tileset/objects_bigchest_animated/objects_bigchest_animated_12.png using Guid(14876620d10336545bb4e0f80dbf91f4) Importer(815301076,1909f56bfc062723c751e8b465ee728b)  -> (artifact id: '0bbf8394c6b5f7bf8af4ec6b043854cf') in 0.022584 seconds
Number of updated asset objects reloaded before import = 0
Number of asset objects unloaded after import = 3
========================================================================
Received Import Request.
  Time since last request: 0.000024 seconds.
  path: Assets/Cave Platformer Tileset/Individual PNG files/Tileset/objects_bigchest_animated/objects_bigchest_animated_16.png
  artifactKey: Guid(8fb07c7493d8aab44b98a959ab0bfbf6) Importer(815301076,1909f56bfc062723c751e8b465ee728b)
Start importing Assets/Cave Platformer Tileset/Individual PNG files/Tileset/objects_bigchest_animated/objects_bigchest_animated_16.png using Guid(8fb07c7493d8aab44b98a959ab0bfbf6) Importer(815301076,1909f56bfc062723c751e8b465ee728b)  -> (artifact id: 'd6e5875a990fb14c601315eaef4aa746') in 0.023202 seconds
Number of updated asset objects reloaded before import = 0
Number of asset objects unloaded after import = 3
========================================================================
Received Import Request.
  Time since last request: 0.000034 seconds.
  path: Assets/Cave Platformer Tileset/Individual PNG files/Tileset/objects_bigchest_animated/objects_bigchest_animated_24.png
  artifactKey: Guid(aeb83f9fb9dcd7a4abd0e3444d193f02) Importer(815301076,1909f56bfc062723c751e8b465ee728b)
Start importing Assets/Cave Platformer Tileset/Individual PNG files/Tileset/objects_bigchest_animated/objects_bigchest_animated_24.png using Guid(aeb83f9fb9dcd7a4abd0e3444d193f02) Importer(815301076,1909f56bfc062723c751e8b465ee728b)  -> (artifact id: '2b73eb99374e462676a23bce7f3fc15a') in 0.025939 seconds
Number of updated asset objects reloaded before import = 0
Number of asset objects unloaded after import = 3
========================================================================
Received Import Request.
  Time since last request: 2.646784 seconds.
  path: Assets/Cave Platformer Tileset/Individual PNG files/Tileset/object_misc/objects_misc_4.png
  artifactKey: Guid(547fb6b305aae884ba2a56ad68f1e939) Importer(815301076,1909f56bfc062723c751e8b465ee728b)
Start importing Assets/Cave Platformer Tileset/Individual PNG files/Tileset/object_misc/objects_misc_4.png using Guid(547fb6b305aae884ba2a56ad68f1e939) Importer(815301076,1909f56bfc062723c751e8b465ee728b)  -> (artifact id: '2ba06bfd38d56d5036179bcab210b614') in 0.022522 seconds
Number of updated asset objects reloaded before import = 0
Number of asset objects unloaded after import = 3
========================================================================
Received Import Request.
  Time since last request: 0.000016 seconds.
  path: Assets/Cave Platformer Tileset/Individual PNG files/Tileset/object_misc/objects_misc_9.png
  artifactKey: Guid(18e050705100b1546bc941a9e3dda5d0) Importer(815301076,1909f56bfc062723c751e8b465ee728b)
Start importing Assets/Cave Platformer Tileset/Individual PNG files/Tileset/object_misc/objects_misc_9.png using Guid(18e050705100b1546bc941a9e3dda5d0) Importer(815301076,1909f56bfc062723c751e8b465ee728b)  -> (artifact id: '27d04754b405f3c3c748aa2e27ae6b58') in 0.022680 seconds
Number of updated asset objects reloaded before import = 0
Number of asset objects unloaded after import = 3
========================================================================
Received Import Request.
  Time since last request: 0.000018 seconds.
  path: Assets/Cave Platformer Tileset/Individual PNG files/Tileset/object_misc/objects_misc_14.png
  artifactKey: Guid(570ae69becc8c1849a4064a4e1adc95b) Importer(815301076,1909f56bfc062723c751e8b465ee728b)
Start importing Assets/Cave Platformer Tileset/Individual PNG files/Tileset/object_misc/objects_misc_14.png using Guid(570ae69becc8c1849a4064a4e1adc95b) Importer(815301076,1909f56bfc062723c751e8b465ee728b)  -> (artifact id: '954c9fbfc99ed99f58e6d49bee02fcee') in 0.025126 seconds
Number of updated asset objects reloaded before import = 0
Number of asset objects unloaded after import = 3
========================================================================
Received Import Request.
  Time since last request: 10.175606 seconds.
  path: Assets/Cave Platformer Tileset/Individual PNG files/Tileset/cave_tileset/main_tiles_16x16_33.png
  artifactKey: Guid(21a16d99ec04f734da9831c83ae4cee2) Importer(815301076,1909f56bfc062723c751e8b465ee728b)
Start importing Assets/Cave Platformer Tileset/Individual PNG files/Tileset/cave_tileset/main_tiles_16x16_33.png using Guid(21a16d99ec04f734da9831c83ae4cee2) Importer(815301076,1909f56bfc062723c751e8b465ee728b)  -> (artifact id: 'c81680a43f798055c039a2cef583a925') in 0.025855 seconds
Number of updated asset objects reloaded before import = 0
Number of asset objects unloaded after import = 3
========================================================================
Received Import Request.
  Time since last request: 0.036928 seconds.
  path: Assets/Cave Platformer Tileset/Individual PNG files/Tileset/cave_tileset/main_tiles_16x16_40.png
  artifactKey: Guid(3fb868323b0726d419bce9b8e7251727) Importer(815301076,1909f56bfc062723c751e8b465ee728b)
Start importing Assets/Cave Platformer Tileset/Individual PNG files/Tileset/cave_tileset/main_tiles_16x16_40.png using Guid(3fb868323b0726d419bce9b8e7251727) Importer(815301076,1909f56bfc062723c751e8b465ee728b)  -> (artifact id: 'fbfa73569ad1d728a6be319f8cdcaf6b') in 0.021449 seconds
Number of updated asset objects reloaded before import = 0
Number of asset objects unloaded after import = 3
========================================================================
Received Import Request.
  Time since last request: 0.001721 seconds.
  path: Assets/Cave Platformer Tileset/Individual PNG files/Tileset/cave_tileset/main_tiles_16x16_45.png
  artifactKey: Guid(8678256e1f59d004897946d8f4566b94) Importer(815301076,1909f56bfc062723c751e8b465ee728b)
Start importing Assets/Cave Platformer Tileset/Individual PNG files/Tileset/cave_tileset/main_tiles_16x16_45.png using Guid(8678256e1f59d004897946d8f4566b94) Importer(815301076,1909f56bfc062723c751e8b465ee728b)  -> (artifact id: '2622bee50aaa0c8d9a78b7dc7a216015') in 0.023130 seconds
Number of updated asset objects reloaded before import = 0
Number of asset objects unloaded after import = 3
Editor requested this worker to shutdown with reason: Scaling down because of idle timeout
TcpMessagingSession - receive error: operation aborted. errorcode: 995, details: 由于线程退出或应用程序请求，已中止 I/O 操作。
AssetImportWorker is now disconnected from the server
Process exiting
Exiting without the bug reporter. Application will terminate with return code 0