Using pre-set license
Built from '2022.3/china_unity/release' branch; Version is '2022.3.17f1c1 (a01dafa986ec) revision 10493359'; Using compiler version '192829333'; Build Type 'Release'
OS: 'Windows 11  (10.0.22631) 64bit CoreCountrySpecific' Language: 'zh' Physical Memory: 16087 MB
BatchMode: 1, IsHumanControllingUs: 0, StartBugReporterOnCrash: 0, Is64bit: 1, IsPro: 1

COMMAND LINE ARGUMENTS:
C:\Program Files\Unity\Hub\Editor\2022.3.17f1c1\Editor\Unity.exe
-adb2
-batchMode
-noUpm
-name
AssetImportWorker17
-projectPath
D:/unityProject/JumpKnight
-logFile
Logs/AssetImportWorker17.log
-srvPort
65285
Successfully changed project path to: D:/unityProject/JumpKnight
D:/unityProject/JumpKnight
[UnityMemory] Configuration Parameters - Can be set up in boot.config
    "memorysetup-bucket-allocator-granularity=16"
    "memorysetup-bucket-allocator-bucket-count=8"
    "memorysetup-bucket-allocator-block-size=33554432"
    "memorysetup-bucket-allocator-block-count=8"
    "memorysetup-main-allocator-block-size=16777216"
    "memorysetup-thread-allocator-block-size=16777216"
    "memorysetup-gfx-main-allocator-block-size=16777216"
    "memorysetup-gfx-thread-allocator-block-size=16777216"
    "memorysetup-cache-allocator-block-size=4194304"
    "memorysetup-typetree-allocator-block-size=2097152"
    "memorysetup-profiler-bucket-allocator-granularity=16"
    "memorysetup-profiler-bucket-allocator-bucket-count=8"
    "memorysetup-profiler-bucket-allocator-block-size=33554432"
    "memorysetup-profiler-bucket-allocator-block-count=8"
    "memorysetup-profiler-allocator-block-size=16777216"
    "memorysetup-profiler-editor-allocator-block-size=1048576"
    "memorysetup-temp-allocator-size-main=16777216"
    "memorysetup-job-temp-allocator-block-size=2097152"
    "memorysetup-job-temp-allocator-block-size-background=1048576"
    "memorysetup-job-temp-allocator-reduction-small-platforms=262144"
    "memorysetup-allocator-temp-initial-block-size-main=262144"
    "memorysetup-allocator-temp-initial-block-size-worker=262144"
    "memorysetup-temp-allocator-size-background-worker=32768"
    "memorysetup-temp-allocator-size-job-worker=262144"
    "memorysetup-temp-allocator-size-preload-manager=33554432"
    "memorysetup-temp-allocator-size-nav-mesh-worker=65536"
    "memorysetup-temp-allocator-size-audio-worker=65536"
    "memorysetup-temp-allocator-size-cloud-worker=32768"
    "memorysetup-temp-allocator-size-gi-baking-worker=262144"
    "memorysetup-temp-allocator-size-gfx=262144"
Player connection [78680] Host "[IP] 192.168.8.118 [Port] 0 [Flags] 2 [Guid] 2007481789 [EditorId] 2007481789 [Version] 1048832 [Id] WindowsEditor(7,MSI) [Debug] 1 [PackageName] WindowsEditor [ProjectName] Editor" joined multi-casting on [225.0.0.222:54997]...

Player connection [78680] Host "[IP] 192.168.8.118 [Port] 0 [Flags] 2 [Guid] 2007481789 [EditorId] 2007481789 [Version] 1048832 [Id] WindowsEditor(7,MSI) [Debug] 1 [PackageName] WindowsEditor [ProjectName] Editor" joined alternative multi-casting on [225.0.0.222:34997]...

[Physics::Module] Initialized MultithreadedJobDispatcher with 19 workers.
Refreshing native plugins compatible for Editor in 31.08 ms, found 4 plugins.
Preloading 0 native plugins for Editor in 0.00 ms.
Initialize engine version: 2022.3.17f1c1 (a01dafa986ec)
[Subsystems] Discovering subsystems at path C:/Program Files/Unity/Hub/Editor/2022.3.17f1c1/Editor/Data/Resources/UnitySubsystems
[Subsystems] Discovering subsystems at path D:/unityProject/JumpKnight/Assets
GfxDevice: creating device client; threaded=0; jobified=0
Direct3D:
    Version:  Direct3D 11.0 [level 11.1]
    Renderer: NVIDIA GeForce RTX 3070 Ti Laptop GPU (ID=0x24a0)
    Vendor:   NVIDIA
    VRAM:     8032 MB
    Driver:   31.0.15.3742
Initialize mono
Mono path[0] = 'C:/Program Files/Unity/Hub/Editor/2022.3.17f1c1/Editor/Data/Managed'
Mono path[1] = 'C:/Program Files/Unity/Hub/Editor/2022.3.17f1c1/Editor/Data/MonoBleedingEdge/lib/mono/unityjit-win32'
Mono config path = 'C:/Program Files/Unity/Hub/Editor/2022.3.17f1c1/Editor/Data/MonoBleedingEdge/etc'
Using monoOptions --debugger-agent=transport=dt_socket,embedding=1,server=y,suspend=n,address=127.0.0.1:56700
Begin MonoManager ReloadAssembly
Registering precompiled unity dll's ...
Register platform support module: C:/Program Files/Unity/Hub/Editor/2022.3.17f1c1/Editor/Data/PlaybackEngines/WebGLSupport/UnityEditor.WebGL.Extensions.dll
Register platform support module: C:/Program Files/Unity/Hub/Editor/2022.3.17f1c1/Editor/Data/PlaybackEngines/WindowsStandaloneSupport/UnityEditor.WindowsStandalone.Extensions.dll
Registered in 0.028531 seconds.
- Loaded All Assemblies, in  1.186 seconds
Native extension for WindowsStandalone target not found
Native extension for WebGL target not found
Mono: successfully reloaded assembly
- Finished resetting the current domain, in  0.210 seconds
Domain Reload Profiling: 1390ms
	BeginReloadAssembly (137ms)
		ExecutionOrderSort (0ms)
		DisableScriptedObjects (0ms)
		BackupInstance (0ms)
		ReleaseScriptingObjects (0ms)
		CreateAndSetChildDomain (1ms)
	RebuildCommonClasses (354ms)
	RebuildNativeTypeToScriptingClass (10ms)
	initialDomainReloadingComplete (83ms)
	LoadAllAssembliesAndSetupDomain (596ms)
		LoadAssemblies (133ms)
		RebuildTransferFunctionScriptingTraits (0ms)
		AnalyzeDomain (594ms)
			TypeCache.Refresh (592ms)
				TypeCache.ScanAssembly (578ms)
			ScanForSourceGeneratedMonoScriptInfo (0ms)
			ResolveRequiredComponents (1ms)
	FinalizeReload (210ms)
		ReleaseScriptCaches (0ms)
		RebuildScriptCaches (0ms)
		SetupLoadedEditorAssemblies (165ms)
			LogAssemblyErrors (0ms)
			InitializePlatformSupportModulesInManaged (8ms)
			SetLoadedEditorAssemblies (4ms)
			RefreshPlugins (0ms)
			BeforeProcessingInitializeOnLoad (2ms)
			ProcessInitializeOnLoadAttributes (106ms)
			ProcessInitializeOnLoadMethodAttributes (44ms)
			AfterProcessingInitializeOnLoad (0ms)
			EditorAssembliesLoaded (0ms)
		ExecutionOrderSort2 (0ms)
		AwakeInstancesAfterBackupRestoration (0ms)
========================================================================
Worker process is ready to serve import requests
Begin MonoManager ReloadAssembly
- Loaded All Assemblies, in  0.814 seconds
Refreshing native plugins compatible for Editor in 10.95 ms, found 4 plugins.
Native extension for WindowsStandalone target not found
Native extension for WebGL target not found
Package Manager log level set to [2]
[Package Manager] Server::EnsureServerProcessIsRunning -- launch failed, reason: Unity was launched with the -noUpm command-line argument
[Package Manager] UpmClient::Send -- Unable to send message (not connected to UPM process).
[Package Manager] Cannot connect to Unity Package Manager local server
Mono: successfully reloaded assembly
- Finished resetting the current domain, in  0.719 seconds
Domain Reload Profiling: 1526ms
	BeginReloadAssembly (162ms)
		ExecutionOrderSort (0ms)
		DisableScriptedObjects (4ms)
		BackupInstance (0ms)
		ReleaseScriptingObjects (0ms)
		CreateAndSetChildDomain (18ms)
	RebuildCommonClasses (26ms)
	RebuildNativeTypeToScriptingClass (8ms)
	initialDomainReloadingComplete (44ms)
	LoadAllAssembliesAndSetupDomain (567ms)
		LoadAssemblies (434ms)
		RebuildTransferFunctionScriptingTraits (0ms)
		AnalyzeDomain (244ms)
			TypeCache.Refresh (217ms)
				TypeCache.ScanAssembly (132ms)
			ScanForSourceGeneratedMonoScriptInfo (21ms)
			ResolveRequiredComponents (4ms)
	FinalizeReload (719ms)
		ReleaseScriptCaches (0ms)
		RebuildScriptCaches (0ms)
		SetupLoadedEditorAssemblies (562ms)
			LogAssemblyErrors (0ms)
			InitializePlatformSupportModulesInManaged (8ms)
			SetLoadedEditorAssemblies (4ms)
			RefreshPlugins (0ms)
			BeforeProcessingInitializeOnLoad (67ms)
			ProcessInitializeOnLoadAttributes (445ms)
			ProcessInitializeOnLoadMethodAttributes (28ms)
			AfterProcessingInitializeOnLoad (10ms)
			EditorAssembliesLoaded (0ms)
		ExecutionOrderSort2 (0ms)
		AwakeInstancesAfterBackupRestoration (6ms)
Launched and connected shader compiler UnityShaderCompiler.exe after 0.10 seconds
Refreshing native plugins compatible for Editor in 5.12 ms, found 4 plugins.
Preloading 0 native plugins for Editor in 0.00 ms.
Unloading 4025 Unused Serialized files (Serialized files now loaded: 0)
Unloading 70 unused Assets / (244.3 KB). Loaded Objects now: 4482.
Memory consumption went from 146.0 MB to 145.7 MB.
Total: 4.554600 ms (FindLiveObjects: 0.307900 ms CreateObjectMapping: 0.139700 ms MarkObjects: 3.851400 ms  DeleteObjects: 0.253400 ms)

AssetImportParameters requested are different than current active one (requested -> active):
  custom:scripting/monoscript/fileName/RailUtils.cs: ddf9283d5d3d7357694f83913f0b2f53 -> 
  custom:container-demuxer-ogg: 62fdf1f143b41e24485cea50d1cbac27 -> 
  custom:video-decoder-ogg-theora: a1e56fd34408186e4bbccfd4996cb3dc -> 
  custom:scripting/monoscript/fileName/Ground.cs: 280fef7541238b592d97063dffe109df -> 
  custom:scripting/monoscript/fileName/scr.cs: afb6fc9afc6150ff2b8954dd31f9b8ac -> 
  custom:scripting/monoscript/fileName/Rail2DEditor.cs: 8977bdbf78d20942db9cebfb43f9f40b -> 
  custom:framework-win-MediaFoundation: 216162199b28c13a410421893ffa2e32 -> 
  custom:scripting/monoscript/fileName/MultiTargetTrigger2D.cs: f2d5b2ce00338cfcc277d3e52d4c372d -> 
  custom:scripting/monoscript/fileName/InputHandler.cs: 8301b2e4172e4d6abcdab57ee50918cd -> 
  custom:CustomObjectIndexerAttribute: 6d391050e5a25f67b0a2c618074f2cd9 -> 
  custom:container-demuxer-webm: 4f35f7cbe854078d1ac9338744f61a02 -> 
  custom:scripting/monoscript/fileName/Camera2D.cs: 92cb567d1372559643f464941c64842d -> 
  custom:scripting/monoscript/fileName/CameraFollow.cs: 3b5ef2867f9a94f63fc3d68bad4a0506 -> de990732cc429467f8f49571d0872163
  custom:container-muxer-webm: aa71ff27fc2769a1b78a27578f13a17b -> 
  custom:video-decoder-webm-vp8: 9c59270c3fd7afecdb556c50c9e8de78 -> 
  custom:scripting/monoscript/fileName/PlayerMovementBasic.cs: 23254da835854f6c56af46461dafbbd4 -> 
  custom:scripting/monoscript/fileName/Finished.cs: eadc590679ddcd9ac6381f704f26506c -> 6cdc3fffae9a2a61d8467b46153d6b5d
  custom:SearchIndexIgnoredProperties: e643bd26f0fe6173181afceb89e7c659 -> 
  custom:AudioImporter_EditorPlatform: d09bf68614088b80899f8185d706f6e7 -> 
  custom:scripting/monoscript/fileName/Camera2DTargetsEditorList.cs: afccbcccdcbbce61b5c93ea2539e2e8b -> 
  custom:scripting/monoscript/fileName/EditorList.cs: c48ec2d6b653265d1c5d9356155ed586 -> 
  custom:scripting/monoscript/fileName/Trigger2D.cs: b0ef0392243b0f115e7c35351e531ed3 -> 
  custom:video-encoder-webm-vp8: eb34c28f22e8b96e1ab97ce403110664 -> 
  custom:audio-decoder-ogg-vorbis: bf7c407c2cedff20999df2af8eb42d56 -> 
  custom:scripting/monoscript/fileName/RailAnchor2D.cs: d3d4e4e20b2e977148953766963204f6 -> 
  custom:scripting/monoscript/fileName/Rail2D.cs: 6c59adc1b62e9e7583b430a5b70b84ba -> 
  custom:scripting/monoscript/fileName/simpleFollow_cubeMovement.cs: 0f9de800efd98c8d9b6df52d0370919a -> 
  custom:scripting/monoscript/fileName/Goal.cs: c0c0c709259ef9639e6228fa40389019 -> 
  custom:scripting/monoscript/fileName/dg_simpleCamFollow.cs: ac5bb79032cdc008d98b57b5f2e0dc3e -> 
  custom:scripting/monoscript/fileName/Camera2DEditor.cs: 647492544e1483552811c4e1f1f32446 -> 
  custom:scripting/monoscript/fileName/Camera2DMenu.cs: 1ff5524f2ba0165f5fa6f1b7e1ecb153 -> 
  custom:scripting/monoscript/fileName/CameraTarget2D.cs: cae7e9f0f9764abba4a9ad826c18270e -> 
  custom:audio-encoder-webm-vorbis: bf7c407c2cedff20999df2af8eb42d56 -> 
  custom:scripting/monoscript/fileName/Player2D.cs: 15901883ee3883f313cae87a4ec9c339 -> 
  custom:scripting/monoscript/fileName/Target2D.cs: f1ea9012946f235f7f806ba154acbf64 -> 
  custom:scripting/monoscript/fileName/Parallax2D.cs: 1613c3d422c15df49fd361a302fb575a -> 
========================================================================
Received Import Request.
  Time since last request: 405014.350906 seconds.
  path: Assets/Cave Platformer Tileset/Individual PNG files/Tileset/trees-trunk-lightbrown/trees-trunk-lightbrown-9.png
  artifactKey: Guid(be5b9360e12da374e9ca7dc3450488f4) Importer(815301076,1909f56bfc062723c751e8b465ee728b)
Start importing Assets/Cave Platformer Tileset/Individual PNG files/Tileset/trees-trunk-lightbrown/trees-trunk-lightbrown-9.png using Guid(be5b9360e12da374e9ca7dc3450488f4) Importer(815301076,1909f56bfc062723c751e8b465ee728b)  -> (artifact id: '6ad8383115f5701b0c253d82463f5471') in 0.088370 seconds
Number of updated asset objects reloaded before import = 0
Number of asset objects unloaded after import = 3
========================================================================
Received Import Request.
  Time since last request: 0.000028 seconds.
  path: Assets/Cave Platformer Tileset/Individual PNG files/Tileset/trees-trunk-lightbrown/trees-trunk-lightbrown-25.png
  artifactKey: Guid(cf49fed7db9b3a44bbdf17c73ee2c3da) Importer(815301076,1909f56bfc062723c751e8b465ee728b)
Start importing Assets/Cave Platformer Tileset/Individual PNG files/Tileset/trees-trunk-lightbrown/trees-trunk-lightbrown-25.png using Guid(cf49fed7db9b3a44bbdf17c73ee2c3da) Importer(815301076,1909f56bfc062723c751e8b465ee728b)  -> (artifact id: '1b11a89e0ecbfccdd1e2c954f4ab04e7') in 0.026329 seconds
Number of updated asset objects reloaded before import = 0
Number of asset objects unloaded after import = 3
========================================================================
Received Import Request.
  Time since last request: 0.000033 seconds.
  path: Assets/Cave Platformer Tileset/Individual PNG files/Tileset/trees-trunk-lightbrown/trees-trunk-lightbrown-30.png
  artifactKey: Guid(41bb47323a5ae4d46b32f8aa108bb55c) Importer(815301076,1909f56bfc062723c751e8b465ee728b)
Start importing Assets/Cave Platformer Tileset/Individual PNG files/Tileset/trees-trunk-lightbrown/trees-trunk-lightbrown-30.png using Guid(41bb47323a5ae4d46b32f8aa108bb55c) Importer(815301076,1909f56bfc062723c751e8b465ee728b)  -> (artifact id: '86229f715a6fb110970fd3935c7201d3') in 0.023752 seconds
Number of updated asset objects reloaded before import = 0
Number of asset objects unloaded after import = 3
========================================================================
Received Import Request.
  Time since last request: 0.000019 seconds.
  path: Assets/Cave Platformer Tileset/Individual PNG files/Tileset/trees-trunk-lightbrown/trees-trunk-lightbrown-35.png
  artifactKey: Guid(584ae7896ce0c81458d42fafbe9c542d) Importer(815301076,1909f56bfc062723c751e8b465ee728b)
Start importing Assets/Cave Platformer Tileset/Individual PNG files/Tileset/trees-trunk-lightbrown/trees-trunk-lightbrown-35.png using Guid(584ae7896ce0c81458d42fafbe9c542d) Importer(815301076,1909f56bfc062723c751e8b465ee728b)  -> (artifact id: '9c6b3aec9dfbb1c5834b5c4f7aeee4b5') in 0.031186 seconds
Number of updated asset objects reloaded before import = 0
Number of asset objects unloaded after import = 3
========================================================================
Received Import Request.
  Time since last request: 0.000018 seconds.
  path: Assets/Cave Platformer Tileset/Individual PNG files/Tileset/trees-trunk-lightbrown/trees-trunk-lightbrown-17.png
  artifactKey: Guid(d5b185b5e8d78d643973daf8e30abab7) Importer(815301076,1909f56bfc062723c751e8b465ee728b)
Start importing Assets/Cave Platformer Tileset/Individual PNG files/Tileset/trees-trunk-lightbrown/trees-trunk-lightbrown-17.png using Guid(d5b185b5e8d78d643973daf8e30abab7) Importer(815301076,1909f56bfc062723c751e8b465ee728b)  -> (artifact id: '1e0c1d9e37c25076a2a0624f8a916fb0') in 0.027893 seconds
Number of updated asset objects reloaded before import = 0
Number of asset objects unloaded after import = 3
========================================================================
Received Import Request.
  Time since last request: 1.479264 seconds.
  path: Assets/Cave Platformer Tileset/Individual PNG files/Tileset/trees-trunk-lightbrown/trees-trunk-lightbrown-38.png
  artifactKey: Guid(f107fa4643776b64db7209031fd61a98) Importer(815301076,1909f56bfc062723c751e8b465ee728b)
Start importing Assets/Cave Platformer Tileset/Individual PNG files/Tileset/trees-trunk-lightbrown/trees-trunk-lightbrown-38.png using Guid(f107fa4643776b64db7209031fd61a98) Importer(815301076,1909f56bfc062723c751e8b465ee728b)  -> (artifact id: 'fc96f8aaf0d1ff70790f749a7391fd4f') in 0.028205 seconds
Number of updated asset objects reloaded before import = 0
Number of asset objects unloaded after import = 3
========================================================================
Received Import Request.
  Time since last request: 0.005653 seconds.
  path: Assets/Cave Platformer Tileset/Individual PNG files/Tileset/trees-trunk-lightbrown/trees-trunk-lightbrown-43.png
  artifactKey: Guid(10536785421f1624a9d3234839c8080b) Importer(815301076,1909f56bfc062723c751e8b465ee728b)
Start importing Assets/Cave Platformer Tileset/Individual PNG files/Tileset/trees-trunk-lightbrown/trees-trunk-lightbrown-43.png using Guid(10536785421f1624a9d3234839c8080b) Importer(815301076,1909f56bfc062723c751e8b465ee728b)  -> (artifact id: 'be2f0d9054e3495944d357ba4428be21') in 0.022271 seconds
Number of updated asset objects reloaded before import = 0
Number of asset objects unloaded after import = 3
========================================================================
Received Import Request.
  Time since last request: 0.001909 seconds.
  path: Assets/Cave Platformer Tileset/Individual PNG files/Tileset/trees-trunk-lightbrown/trees-trunk-lightbrown-48.png
  artifactKey: Guid(396b4a6b9dd7ba54c8a661bb5adb5784) Importer(815301076,1909f56bfc062723c751e8b465ee728b)
Start importing Assets/Cave Platformer Tileset/Individual PNG files/Tileset/trees-trunk-lightbrown/trees-trunk-lightbrown-48.png using Guid(396b4a6b9dd7ba54c8a661bb5adb5784) Importer(815301076,1909f56bfc062723c751e8b465ee728b)  -> (artifact id: 'fec4cd91691db47f23cf4348c54de2a6') in 0.026879 seconds
Number of updated asset objects reloaded before import = 0
Number of asset objects unloaded after import = 3
========================================================================
Received Import Request.
  Time since last request: 0.009939 seconds.
  path: Assets/Cave Platformer Tileset/Individual PNG files/Tileset/trees-trunk-lightbrown/trees-trunk-lightbrown-52.png
  artifactKey: Guid(d18508cbe1f18524cbc1ada1d3a520a3) Importer(815301076,1909f56bfc062723c751e8b465ee728b)
Start importing Assets/Cave Platformer Tileset/Individual PNG files/Tileset/trees-trunk-lightbrown/trees-trunk-lightbrown-52.png using Guid(d18508cbe1f18524cbc1ada1d3a520a3) Importer(815301076,1909f56bfc062723c751e8b465ee728b)  -> (artifact id: 'd23743bde107b238d22fdd3e1ca99e4c') in 0.022894 seconds
Number of updated asset objects reloaded before import = 0
Number of asset objects unloaded after import = 3
========================================================================
Received Import Request.
  Time since last request: 0.350987 seconds.
  path: Assets/Cave Platformer Tileset/Individual PNG files/Tileset/trees-trunk-lightbrown/trees-trunk-lightbrown-59.png
  artifactKey: Guid(3424e295c10866c45add4cdbca0c3d9b) Importer(815301076,1909f56bfc062723c751e8b465ee728b)
Start importing Assets/Cave Platformer Tileset/Individual PNG files/Tileset/trees-trunk-lightbrown/trees-trunk-lightbrown-59.png using Guid(3424e295c10866c45add4cdbca0c3d9b) Importer(815301076,1909f56bfc062723c751e8b465ee728b)  -> (artifact id: '3dee60c4126288c79fe1b10bbb4e3fcf') in 0.026776 seconds
Number of updated asset objects reloaded before import = 0
Number of asset objects unloaded after import = 3
========================================================================
Received Import Request.
  Time since last request: 0.011423 seconds.
  path: Assets/Cave Platformer Tileset/Individual PNG files/Tileset/trees-trunk-lightbrown/trees-trunk-lightbrown-64.png
  artifactKey: Guid(cd44c83d0b797a442a52112d26c7a361) Importer(815301076,1909f56bfc062723c751e8b465ee728b)
Start importing Assets/Cave Platformer Tileset/Individual PNG files/Tileset/trees-trunk-lightbrown/trees-trunk-lightbrown-64.png using Guid(cd44c83d0b797a442a52112d26c7a361) Importer(815301076,1909f56bfc062723c751e8b465ee728b)  -> (artifact id: 'f0aefafc2354d37ed5f0e36ac80c6837') in 0.025249 seconds
Number of updated asset objects reloaded before import = 0
Number of asset objects unloaded after import = 3
========================================================================
Received Import Request.
  Time since last request: 0.001149 seconds.
  path: Assets/Cave Platformer Tileset/Individual PNG files/Tileset/trees-trunk-lightbrown/trees-trunk-lightbrown-69.png
  artifactKey: Guid(6111aafdb2b9be94184674cd99548482) Importer(815301076,1909f56bfc062723c751e8b465ee728b)
Start importing Assets/Cave Platformer Tileset/Individual PNG files/Tileset/trees-trunk-lightbrown/trees-trunk-lightbrown-69.png using Guid(6111aafdb2b9be94184674cd99548482) Importer(815301076,1909f56bfc062723c751e8b465ee728b)  -> (artifact id: '7d9fa49781acbbfe09866ccd62986f07') in 0.028922 seconds
Number of updated asset objects reloaded before import = 0
Number of asset objects unloaded after import = 3
========================================================================
Received Import Request.
  Time since last request: 10.161661 seconds.
  path: Assets/Cave Platformer Tileset/Individual PNG files/Tileset/parallax_bg_cave_blueish/parallax_bg_cave_blueish_tiles_03.png
  artifactKey: Guid(1b2db56ddfa208f4383f94b6219217f6) Importer(815301076,1909f56bfc062723c751e8b465ee728b)
Start importing Assets/Cave Platformer Tileset/Individual PNG files/Tileset/parallax_bg_cave_blueish/parallax_bg_cave_blueish_tiles_03.png using Guid(1b2db56ddfa208f4383f94b6219217f6) Importer(815301076,1909f56bfc062723c751e8b465ee728b)  -> (artifact id: '8b00a7aeca912e878a11daaf38adbcc1') in 0.032934 seconds
Number of updated asset objects reloaded before import = 0
Number of asset objects unloaded after import = 3
========================================================================
Received Import Request.
  Time since last request: 2.025488 seconds.
  path: Assets/Cave Platformer Tileset/Individual PNG files/Tileset/bg_cave_greenish_32x32/bg_cave_greenish_32x32_tile_03.png
  artifactKey: Guid(38bc966bd303a1d4c98196d04e074c4a) Importer(815301076,1909f56bfc062723c751e8b465ee728b)
Start importing Assets/Cave Platformer Tileset/Individual PNG files/Tileset/bg_cave_greenish_32x32/bg_cave_greenish_32x32_tile_03.png using Guid(38bc966bd303a1d4c98196d04e074c4a) Importer(815301076,1909f56bfc062723c751e8b465ee728b)  -> (artifact id: 'efc5307efcef352fb42b6f8fcb66af84') in 0.024394 seconds
Number of updated asset objects reloaded before import = 0
Number of asset objects unloaded after import = 3
========================================================================
Received Import Request.
  Time since last request: 0.000023 seconds.
  path: Assets/Cave Platformer Tileset/Individual PNG files/Tileset/bg_cave_greenish_32x32/bg_cave_greenish_32x32_tile_08.png
  artifactKey: Guid(8d3fce539472ec74fa854d8ec59bd373) Importer(815301076,1909f56bfc062723c751e8b465ee728b)
Start importing Assets/Cave Platformer Tileset/Individual PNG files/Tileset/bg_cave_greenish_32x32/bg_cave_greenish_32x32_tile_08.png using Guid(8d3fce539472ec74fa854d8ec59bd373) Importer(815301076,1909f56bfc062723c751e8b465ee728b)  -> (artifact id: '7582ad2fe5cf3b048456e89bddf6a030') in 0.028638 seconds
Number of updated asset objects reloaded before import = 0
Number of asset objects unloaded after import = 3
========================================================================
Received Import Request.
  Time since last request: 2.847730 seconds.
  path: Assets/Cave Platformer Tileset/Individual PNG files/Tileset/objects_misc_animated/object_misc_animated_10.png
  artifactKey: Guid(142a1045e4c6fd84b8063b488925b834) Importer(815301076,1909f56bfc062723c751e8b465ee728b)
Start importing Assets/Cave Platformer Tileset/Individual PNG files/Tileset/objects_misc_animated/object_misc_animated_10.png using Guid(142a1045e4c6fd84b8063b488925b834) Importer(815301076,1909f56bfc062723c751e8b465ee728b)  -> (artifact id: '798b373006ca2ee31043ad4c8b67bfad') in 0.025332 seconds
Number of updated asset objects reloaded before import = 0
Number of asset objects unloaded after import = 3
========================================================================
Received Import Request.
  Time since last request: 0.000042 seconds.
  path: Assets/Cave Platformer Tileset/Individual PNG files/Tileset/objects_misc_animated/object_misc_animated_15.png
  artifactKey: Guid(81f51c6ab81670c45882f8ab2c99b6c0) Importer(815301076,1909f56bfc062723c751e8b465ee728b)
Start importing Assets/Cave Platformer Tileset/Individual PNG files/Tileset/objects_misc_animated/object_misc_animated_15.png using Guid(81f51c6ab81670c45882f8ab2c99b6c0) Importer(815301076,1909f56bfc062723c751e8b465ee728b)  -> (artifact id: 'c14df5f0ef4f4f8c2f8f7e192f6e3000') in 0.022883 seconds
Number of updated asset objects reloaded before import = 0
Number of asset objects unloaded after import = 3
========================================================================
Received Import Request.
  Time since last request: 0.000019 seconds.
  path: Assets/Cave Platformer Tileset/Individual PNG files/Tileset/objects_misc_animated/object_misc_animated_20.png
  artifactKey: Guid(3bcc5f54f0f47924caf86571464666b5) Importer(815301076,1909f56bfc062723c751e8b465ee728b)
Start importing Assets/Cave Platformer Tileset/Individual PNG files/Tileset/objects_misc_animated/object_misc_animated_20.png using Guid(3bcc5f54f0f47924caf86571464666b5) Importer(815301076,1909f56bfc062723c751e8b465ee728b)  -> (artifact id: '0c1df5912f30a17f2ce56a0ca8340821') in 0.018426 seconds
Number of updated asset objects reloaded before import = 0
Number of asset objects unloaded after import = 3
========================================================================
Received Import Request.
  Time since last request: 0.002130 seconds.
  path: Assets/Cave Platformer Tileset/Individual PNG files/Tileset/objects_misc_animated/object_misc_animated_25.png
  artifactKey: Guid(72c5e6701187acc47a42d0d08f350c4f) Importer(815301076,1909f56bfc062723c751e8b465ee728b)
Start importing Assets/Cave Platformer Tileset/Individual PNG files/Tileset/objects_misc_animated/object_misc_animated_25.png using Guid(72c5e6701187acc47a42d0d08f350c4f) Importer(815301076,1909f56bfc062723c751e8b465ee728b)  -> (artifact id: '4ea4d5eeee685ee5714defd6afc37798') in 0.022190 seconds
Number of updated asset objects reloaded before import = 0
Number of asset objects unloaded after import = 3
========================================================================
Received Import Request.
  Time since last request: 0.001310 seconds.
  path: Assets/Cave Platformer Tileset/Individual PNG files/Tileset/objects_misc_animated/object_misc_animated_30.png
  artifactKey: Guid(d44e835daa3207345a835ac59f765f92) Importer(815301076,1909f56bfc062723c751e8b465ee728b)
Start importing Assets/Cave Platformer Tileset/Individual PNG files/Tileset/objects_misc_animated/object_misc_animated_30.png using Guid(d44e835daa3207345a835ac59f765f92) Importer(815301076,1909f56bfc062723c751e8b465ee728b)  -> (artifact id: '791ad5df875c9dfc0b8dc7d441fc6711') in 0.023368 seconds
Number of updated asset objects reloaded before import = 0
Number of asset objects unloaded after import = 3
========================================================================
Received Import Request.
  Time since last request: 0.000024 seconds.
  path: Assets/Cave Platformer Tileset/Individual PNG files/Tileset/objects_misc_animated/object_misc_animated_35.png
  artifactKey: Guid(3b1c013ef6001cb49aaa23cb42a4b3f8) Importer(815301076,1909f56bfc062723c751e8b465ee728b)
Start importing Assets/Cave Platformer Tileset/Individual PNG files/Tileset/objects_misc_animated/object_misc_animated_35.png using Guid(3b1c013ef6001cb49aaa23cb42a4b3f8) Importer(815301076,1909f56bfc062723c751e8b465ee728b)  -> (artifact id: 'fcef6b6a1cd74d11cf6d2d8b30e41bb7') in 0.027747 seconds
Number of updated asset objects reloaded before import = 0
Number of asset objects unloaded after import = 3
========================================================================
Received Import Request.
  Time since last request: 0.739237 seconds.
  path: Assets/Cave Platformer Tileset/Individual PNG files/Tileset/objects_misc_animated/object_misc_animated_39.png
  artifactKey: Guid(60f4a75af473a094aa6efe0806a582e4) Importer(815301076,1909f56bfc062723c751e8b465ee728b)
Start importing Assets/Cave Platformer Tileset/Individual PNG files/Tileset/objects_misc_animated/object_misc_animated_39.png using Guid(60f4a75af473a094aa6efe0806a582e4) Importer(815301076,1909f56bfc062723c751e8b465ee728b)  -> (artifact id: 'b741b00e2191ede26c566d3739fcf5d0') in 0.026877 seconds
Number of updated asset objects reloaded before import = 0
Number of asset objects unloaded after import = 3
========================================================================
Received Import Request.
  Time since last request: 0.008948 seconds.
  path: Assets/Cave Platformer Tileset/Individual PNG files/Tileset/objects_misc_animated/object_misc_animated_44.png
  artifactKey: Guid(e2bda77cc23bb36469fe6b64e5f88e4d) Importer(815301076,1909f56bfc062723c751e8b465ee728b)
Start importing Assets/Cave Platformer Tileset/Individual PNG files/Tileset/objects_misc_animated/object_misc_animated_44.png using Guid(e2bda77cc23bb36469fe6b64e5f88e4d) Importer(815301076,1909f56bfc062723c751e8b465ee728b)  -> (artifact id: '97be836ec2c5b0ac6bc73e5980efb640') in 0.023827 seconds
Number of updated asset objects reloaded before import = 0
Number of asset objects unloaded after import = 3
========================================================================
Received Import Request.
  Time since last request: 0.000017 seconds.
  path: Assets/Cave Platformer Tileset/Individual PNG files/Tileset/objects_misc_animated/object_misc_animated_49.png
  artifactKey: Guid(9603b93c4c1ceb341ab3bd4926eea982) Importer(815301076,1909f56bfc062723c751e8b465ee728b)
Start importing Assets/Cave Platformer Tileset/Individual PNG files/Tileset/objects_misc_animated/object_misc_animated_49.png using Guid(9603b93c4c1ceb341ab3bd4926eea982) Importer(815301076,1909f56bfc062723c751e8b465ee728b)  -> (artifact id: '39f8c35a928b799c22ff0f2085433b25') in 0.024052 seconds
Number of updated asset objects reloaded before import = 0
Number of asset objects unloaded after import = 3
========================================================================
Received Import Request.
  Time since last request: 2.563431 seconds.
  path: Assets/Cave Platformer Tileset/Individual PNG files/Tileset/objects_fountain_animated/objects_fountain_animated_2.png
  artifactKey: Guid(fbab40c3bb8219e40ac9b404d753851e) Importer(815301076,1909f56bfc062723c751e8b465ee728b)
Start importing Assets/Cave Platformer Tileset/Individual PNG files/Tileset/objects_fountain_animated/objects_fountain_animated_2.png using Guid(fbab40c3bb8219e40ac9b404d753851e) Importer(815301076,1909f56bfc062723c751e8b465ee728b)  -> (artifact id: 'b0bf29b87356643df01355be054ac3b3') in 0.025682 seconds
Number of updated asset objects reloaded before import = 0
Number of asset objects unloaded after import = 3
========================================================================
Received Import Request.
  Time since last request: 0.000019 seconds.
  path: Assets/Cave Platformer Tileset/Individual PNG files/Tileset/objects_fountain_animated/objects_fountain_animated_7.png
  artifactKey: Guid(ee44482177cac774aa4a2138c66a30db) Importer(815301076,1909f56bfc062723c751e8b465ee728b)
Start importing Assets/Cave Platformer Tileset/Individual PNG files/Tileset/objects_fountain_animated/objects_fountain_animated_7.png using Guid(ee44482177cac774aa4a2138c66a30db) Importer(815301076,1909f56bfc062723c751e8b465ee728b)  -> (artifact id: '726fc57117d2b1521767d0e8d3476553') in 0.028843 seconds
Number of updated asset objects reloaded before import = 0
Number of asset objects unloaded after import = 3
========================================================================
Received Import Request.
  Time since last request: 12.734237 seconds.
  path: Assets/Cave Platformer Tileset/Individual PNG files/Tileset/objects_bigchest_animated/objects_bigchest_animated_2.png
  artifactKey: Guid(efd569e07af8ea44d98f84531d514600) Importer(815301076,1909f56bfc062723c751e8b465ee728b)
Start importing Assets/Cave Platformer Tileset/Individual PNG files/Tileset/objects_bigchest_animated/objects_bigchest_animated_2.png using Guid(efd569e07af8ea44d98f84531d514600) Importer(815301076,1909f56bfc062723c751e8b465ee728b)  -> (artifact id: 'f80aaf6739adf63cf80148dfc20ae223') in 0.029221 seconds
Number of updated asset objects reloaded before import = 0
Number of asset objects unloaded after import = 3
========================================================================
Received Import Request.
  Time since last request: 0.000017 seconds.
  path: Assets/Cave Platformer Tileset/Individual PNG files/Tileset/objects_bigchest_animated/objects_bigchest_animated_8.png
  artifactKey: Guid(2d6e12867c20c8842a8f65cbed884302) Importer(815301076,1909f56bfc062723c751e8b465ee728b)
Start importing Assets/Cave Platformer Tileset/Individual PNG files/Tileset/objects_bigchest_animated/objects_bigchest_animated_8.png using Guid(2d6e12867c20c8842a8f65cbed884302) Importer(815301076,1909f56bfc062723c751e8b465ee728b)  -> (artifact id: 'b1674da9a79b627679e19595b4611fb9') in 0.023425 seconds
Number of updated asset objects reloaded before import = 0
Number of asset objects unloaded after import = 3
========================================================================
Received Import Request.
  Time since last request: 0.000016 seconds.
  path: Assets/Cave Platformer Tileset/Individual PNG files/Tileset/objects_bigchest_animated/objects_bigchest_animated_13.png
  artifactKey: Guid(27476b6b9a440c045ac9e0ae57e7042b) Importer(815301076,1909f56bfc062723c751e8b465ee728b)
Start importing Assets/Cave Platformer Tileset/Individual PNG files/Tileset/objects_bigchest_animated/objects_bigchest_animated_13.png using Guid(27476b6b9a440c045ac9e0ae57e7042b) Importer(815301076,1909f56bfc062723c751e8b465ee728b)  -> (artifact id: '2bde873b8c33e598d32971c6c43af5bb') in 0.022459 seconds
Number of updated asset objects reloaded before import = 0
Number of asset objects unloaded after import = 3
========================================================================
Received Import Request.
  Time since last request: 0.000021 seconds.
  path: Assets/Cave Platformer Tileset/Individual PNG files/Tileset/objects_bigchest_animated/objects_bigchest_animated_18.png
  artifactKey: Guid(911493ace069a8542ae889db2c5bfd00) Importer(815301076,1909f56bfc062723c751e8b465ee728b)
Start importing Assets/Cave Platformer Tileset/Individual PNG files/Tileset/objects_bigchest_animated/objects_bigchest_animated_18.png using Guid(911493ace069a8542ae889db2c5bfd00) Importer(815301076,1909f56bfc062723c751e8b465ee728b)  -> (artifact id: 'a7bd84f851f8f9512fd73874c161f208') in 0.022925 seconds
Number of updated asset objects reloaded before import = 0
Number of asset objects unloaded after import = 3
========================================================================
Received Import Request.
  Time since last request: 0.000018 seconds.
  path: Assets/Cave Platformer Tileset/Individual PNG files/Tileset/objects_bigchest_animated/objects_bigchest_animated_21.png
  artifactKey: Guid(4477593936471a44392474a46325ec6f) Importer(815301076,1909f56bfc062723c751e8b465ee728b)
Start importing Assets/Cave Platformer Tileset/Individual PNG files/Tileset/objects_bigchest_animated/objects_bigchest_animated_21.png using Guid(4477593936471a44392474a46325ec6f) Importer(815301076,1909f56bfc062723c751e8b465ee728b)  -> (artifact id: '585abea7e57a7a2bc9ed70c9ae2b3942') in 0.021204 seconds
Number of updated asset objects reloaded before import = 0
Number of asset objects unloaded after import = 3
========================================================================
Received Import Request.
  Time since last request: 0.000028 seconds.
  path: Assets/Cave Platformer Tileset/Individual PNG files/Tileset/objects_bigchest_animated/objects_bigchest_animated_26.png
  artifactKey: Guid(44481cfdb3266ec4485afa7729d9b662) Importer(815301076,1909f56bfc062723c751e8b465ee728b)
Start importing Assets/Cave Platformer Tileset/Individual PNG files/Tileset/objects_bigchest_animated/objects_bigchest_animated_26.png using Guid(44481cfdb3266ec4485afa7729d9b662) Importer(815301076,1909f56bfc062723c751e8b465ee728b)  -> (artifact id: 'b49314d3b293733f4076b03cbd403900') in 0.028476 seconds
Number of updated asset objects reloaded before import = 0
Number of asset objects unloaded after import = 3
========================================================================
Received Import Request.
  Time since last request: 2.619785 seconds.
  path: Assets/Cave Platformer Tileset/Individual PNG files/Tileset/object_misc/objects_misc_2.png
  artifactKey: Guid(3924f5640cd37e1419de515e27043f02) Importer(815301076,1909f56bfc062723c751e8b465ee728b)
Start importing Assets/Cave Platformer Tileset/Individual PNG files/Tileset/object_misc/objects_misc_2.png using Guid(3924f5640cd37e1419de515e27043f02) Importer(815301076,1909f56bfc062723c751e8b465ee728b)  -> (artifact id: 'a4faa436b3344accf32327a6e7d35535') in 0.023570 seconds
Number of updated asset objects reloaded before import = 0
Number of asset objects unloaded after import = 3
========================================================================
Received Import Request.
  Time since last request: 0.000019 seconds.
  path: Assets/Cave Platformer Tileset/Individual PNG files/Tileset/object_misc/objects_misc_7.png
  artifactKey: Guid(4b4a7b428b5ffa54e99fd7f61369a839) Importer(815301076,1909f56bfc062723c751e8b465ee728b)
Start importing Assets/Cave Platformer Tileset/Individual PNG files/Tileset/object_misc/objects_misc_7.png using Guid(4b4a7b428b5ffa54e99fd7f61369a839) Importer(815301076,1909f56bfc062723c751e8b465ee728b)  -> (artifact id: 'bf1d4b0031981dff0d54d53f625463e5') in 0.023051 seconds
Number of updated asset objects reloaded before import = 0
Number of asset objects unloaded after import = 3
========================================================================
Received Import Request.
  Time since last request: 0.000018 seconds.
  path: Assets/Cave Platformer Tileset/Individual PNG files/Tileset/object_misc/objects_misc_11.png
  artifactKey: Guid(0f3d73292570f9744a5251ee19f58964) Importer(815301076,1909f56bfc062723c751e8b465ee728b)
Start importing Assets/Cave Platformer Tileset/Individual PNG files/Tileset/object_misc/objects_misc_11.png using Guid(0f3d73292570f9744a5251ee19f58964) Importer(815301076,1909f56bfc062723c751e8b465ee728b)  -> (artifact id: '6cf0b2cd02270633bf7557144696e9af') in 0.019423 seconds
Number of updated asset objects reloaded before import = 0
Number of asset objects unloaded after import = 3
========================================================================
Received Import Request.
  Time since last request: 0.000019 seconds.
  path: Assets/Cave Platformer Tileset/Individual PNG files/Tileset/object_misc/objects_misc_17.png
  artifactKey: Guid(65577a92201c96e4db20b9d520e1421c) Importer(815301076,1909f56bfc062723c751e8b465ee728b)
Start importing Assets/Cave Platformer Tileset/Individual PNG files/Tileset/object_misc/objects_misc_17.png using Guid(65577a92201c96e4db20b9d520e1421c) Importer(815301076,1909f56bfc062723c751e8b465ee728b)  -> (artifact id: '856363a1bcb44774e495b8657fe91a38') in 0.020665 seconds
Number of updated asset objects reloaded before import = 0
Number of asset objects unloaded after import = 3
========================================================================
Received Import Request.
  Time since last request: 10.157944 seconds.
  path: Assets/Cave Platformer Tileset/Individual PNG files/Tileset/cave_tileset/main_tiles_16x16_31.png
  artifactKey: Guid(eb83a15c81d8b3947925b305979f1f8f) Importer(815301076,1909f56bfc062723c751e8b465ee728b)
Start importing Assets/Cave Platformer Tileset/Individual PNG files/Tileset/cave_tileset/main_tiles_16x16_31.png using Guid(eb83a15c81d8b3947925b305979f1f8f) Importer(815301076,1909f56bfc062723c751e8b465ee728b)  -> (artifact id: '4676f2a2c7d524087e876585c1ead69d') in 0.025628 seconds
Number of updated asset objects reloaded before import = 0
Number of asset objects unloaded after import = 3
========================================================================
Received Import Request.
  Time since last request: 0.036948 seconds.
  path: Assets/Cave Platformer Tileset/Individual PNG files/Tileset/cave_tileset/main_tiles_16x16_38.png
  artifactKey: Guid(273b3bd3a04097b4880c2cd29eb6266a) Importer(815301076,1909f56bfc062723c751e8b465ee728b)
Start importing Assets/Cave Platformer Tileset/Individual PNG files/Tileset/cave_tileset/main_tiles_16x16_38.png using Guid(273b3bd3a04097b4880c2cd29eb6266a) Importer(815301076,1909f56bfc062723c751e8b465ee728b)  -> (artifact id: 'bfa7d12193192909cc36be7adcb25d8d') in 0.023350 seconds
Number of updated asset objects reloaded before import = 0
Number of asset objects unloaded after import = 3
========================================================================
Received Import Request.
  Time since last request: 0.000498 seconds.
  path: Assets/Cave Platformer Tileset/Individual PNG files/Tileset/cave_tileset/main_tiles_16x16_43.png
  artifactKey: Guid(4abab1c519601dd42be21c90918a1797) Importer(815301076,1909f56bfc062723c751e8b465ee728b)
Start importing Assets/Cave Platformer Tileset/Individual PNG files/Tileset/cave_tileset/main_tiles_16x16_43.png using Guid(4abab1c519601dd42be21c90918a1797) Importer(815301076,1909f56bfc062723c751e8b465ee728b)  -> (artifact id: '1200e7ba1b16160ee5d6990090f746a9') in 0.022114 seconds
Number of updated asset objects reloaded before import = 0
Number of asset objects unloaded after import = 3
Editor requested this worker to shutdown with reason: Scaling down because of idle timeout
TcpMessagingSession - receive error: operation aborted. errorcode: 995, details: 由于线程退出或应用程序请求，已中止 I/O 操作。
AssetImportWorker is now disconnected from the server
Process exiting
Exiting without the bug reporter. Application will terminate with return code 0